-------------------------------------------------------------------------------
Test set: MyTest
-------------------------------------------------------------------------------
Tests run: 3, Failures: 0, Errors: 3, Skipped: 0, Time elapsed: 0.006 sec <<< FAILURE!
test001(MyTest)  Time elapsed: 0.001 sec  <<< ERROR!
java.lang.StackOverflowError
	at AVLTree.insert(AVLTree.java:49)
	at AVLTree.insert(AVLTree.java:51)
	at AVLTree.insert(AVLTree.java:49)
	at AVLTree.insert(AVLTree.java:51)
	at AVLTree.insert(AVLTree.java:49)
	at AVLTree.insert(AVLTree.java:51)
	at AVLTree.insert(AVLTree.java:49)
	at AVLTree.insert(AVLTree.java:51)
	at AVLTree.insert(AVLTree.java:49)
	at AVLTree.insert(AVLTree.java:51)
	at AVLTree.insert(AVLTree.java:49)
	at AVLTree.insert(AVLTree.java:51)
	at AVLTree.insert(AVLTree.java:49)
	at AVLTree.insert(AVLTree.java:51)
	at AVLTree.insert(AVLTree.java:49)
	at AVLTree.insert(AVLTree.java:51)
	at AVLTree.insert(AVLTree.java:49)
	at AVLTree.insert(AVLTree.java:51)
	at AVLTree.insert(AVLTree.java:49)
	at AVLTree.insert(AVLTree.java:51)
	at AVLTree.insert(AVLTree.java:49)
	at AVLTree.insert(AVLTree.java:51)
	at AVLTree.insert(AVLTree.java:49)
	at AVLTree.insert(AVLTree.java:51)
	at AVLTree.insert(AVLTree.java:49)
	at AVLTree.insert(AVLTree.java:51)
	at AVLTree.insert(AVLTree.java:49)
	at AVLTree.insert(AVLTree.java:51)
	at AVLTree.insert(AVLTree.java:49)
	at AVLTree.insert(AVLTree.java:51)
	at AVLTree.insert(AVLTree.java:49)
	at AVLTree.insert(AVLTree.java:51)
	at AVLTree.insert(AVLTree.java:49)
	at AVLTree.insert(AVLTree.java:51)
	at AVLTree.insert(AVLTree.java:49)
	at AVLTree.insert(AVLTree.java:51)
	at AVLTree.insert(AVLTree.java:49)
	at AVLTree.insert(AVLTree.java:51)
	at AVLTree.insert(AVLTree.java:49)
	at AVLTree.insert(AVLTree.java:51)
	at AVLTree.insert(AVLTree.java:49)
	at AVLTree.insert(AVLTree.java:51)
	at AVLTree.insert(AVLTree.java:49)
	at AVLTree.insert(AVLTree.java:51)
	at AVLTree.insert(AVLTree.java:49)
	at AVLTree.insert(AVLTree.java:51)
	at AVLTree.insert(AVLTree.java:49)
	at AVLTree.insert(AVLTree.java:51)
	at AVLTree.insert(AVLTree.java:49)
	at AVLTree.insert(AVLTree.java:51)
	at AVLTree.insert(AVLTree.java:49)
	at AVLTree.insert(AVLTree.java:51)
	at AVLTree.insert(AVLTree.java:49)
	at AVLTree.insert(AVLTree.java:51)
	at AVLTree.insert(AVLTree.java:49)
	at AVLTree.insert(AVLTree.java:51)
	at AVLTree.insert(AVLTree.java:49)
	at AVLTree.insert(AVLTree.java:51)
	at AVLTree.insert(AVLTree.java:49)
	at AVLTree.insert(AVLTree.java:51)
	at AVLTree.insert(AVLTree.java:49)
	at AVLTree.insert(AVLTree.java:51)
	at AVLTree.insert(AVLTree.java:49)
	at AVLTree.insert(AVLTree.java:51)
	at AVLTree.insert(AVLTree.java:49)
	at AVLTree.insert(AVLTree.java:51)
	at AVLTree.insert(AVLTree.java:49)
	at AVLTree.insert(AVLTree.java:51)
	at AVLTree.insert(AVLTree.java:49)
	at AVLTree.insert(AVLTree.java:51)
	at AVLTree.insert(AVLTree.java:49)
	at AVLTree.insert(AVLTree.java:51)
	at AVLTree.insert(AVLTree.java:49)
	at AVLTree.insert(AVLTree.java:51)
	at AVLTree.insert(AVLTree.java:49)
	at AVLTree.insert(AVLTree.java:51)
	at AVLTree.insert(AVLTree.java:49)
	at AVLTree.insert(AVLTree.java:51)
	at AVLTree.insert(AVLTree.java:49)
	at AVLTree.insert(AVLTree.java:51)
	at AVLTree.insert(AVLTree.java:49)
	at AVLTree.insert(AVLTree.java:51)
	at AVLTree.insert(AVLTree.java:49)
	at AVLTree.insert(AVLTree.java:51)
	at AVLTree.insert(AVLTree.java:49)
	at AVLTree.insert(AVLTree.java:51)
	at AVLTree.insert(AVLTree.java:49)
	at AVLTree.insert(AVLTree.java:51)
	at AVLTree.insert(AVLTree.java:49)
	at AVLTree.insert(AVLTree.java:51)
	at AVLTree.insert(AVLTree.java:49)
	at AVLTree.insert(AVLTree.java:51)
	at AVLTree.insert(AVLTree.java:49)
	at AVLTree.insert(AVLTree.java:51)
	at AVLTree.insert(AVLTree.java:49)
	at AVLTree.insert(AVLTree.java:51)
	at AVLTree.insert(AVLTree.java:49)
	at AVLTree.insert(AVLTree.java:51)
	at AVLTree.insert(AVLTree.java:49)
	at AVLTree.insert(AVLTree.java:51)
	at AVLTree.insert(AVLTree.java:49)
	at AVLTree.insert(AVLTree.java:51)
	at AVLTree.insert(AVLTree.java:49)
	at AVLTree.insert(AVLTree.java:51)
	at AVLTree.insert(AVLTree.java:49)
	at AVLTree.insert(AVLTree.java:51)
	at AVLTree.insert(AVLTree.java:49)
	at AVLTree.insert(AVLTree.java:51)
	at AVLTree.insert(AVLTree.java:49)
	at AVLTree.insert(AVLTree.java:51)
	at AVLTree.insert(AVLTree.java:49)
	at AVLTree.insert(AVLTree.java:51)
	at AVLTree.insert(AVLTree.java:49)
	at AVLTree.insert(AVLTree.java:51)
	at AVLTree.insert(AVLTree.java:49)
	at AVLTree.insert(AVLTree.java:51)
	at AVLTree.insert(AVLTree.java:49)
	at AVLTree.insert(AVLTree.java:51)
	at AVLTree.insert(AVLTree.java:49)
	at AVLTree.insert(AVLTree.java:51)
	at AVLTree.insert(AVLTree.java:49)
	at AVLTree.insert(AVLTree.java:51)
	at AVLTree.insert(AVLTree.java:49)
	at AVLTree.insert(AVLTree.java:51)
	at AVLTree.insert(AVLTree.java:49)
	at AVLTree.insert(AVLTree.java:51)
	at AVLTree.insert(AVLTree.java:49)
	at AVLTree.insert(AVLTree.java:51)
	at AVLTree.insert(AVLTree.java:49)
	at AVLTree.insert(AVLTree.java:51)
	at AVLTree.insert(AVLTree.java:49)
	at AVLTree.insert(AVLTree.java:51)
	at AVLTree.insert(AVLTree.java:49)
	at AVLTree.insert(AVLTree.java:51)
	at AVLTree.insert(AVLTree.java:49)
	at AVLTree.insert(AVLTree.java:51)
	at AVLTree.insert(AVLTree.java:49)
	at AVLTree.insert(AVLTree.java:51)
	at AVLTree.insert(AVLTree.java:49)
	at AVLTree.insert(AVLTree.java:51)
	at AVLTree.insert(AVLTree.java:49)
	at AVLTree.insert(AVLTree.java:51)
	at AVLTree.insert(AVLTree.java:49)
	at AVLTree.insert(AVLTree.java:51)
	at AVLTree.insert(AVLTree.java:49)
	at AVLTree.insert(AVLTree.java:51)
	at AVLTree.insert(AVLTree.java:49)
	at AVLTree.insert(AVLTree.java:51)
	at AVLTree.insert(AVLTree.java:49)
	at AVLTree.insert(AVLTree.java:51)
	at AVLTree.insert(AVLTree.java:49)
	at AVLTree.insert(AVLTree.java:51)
	at AVLTree.insert(AVLTree.java:49)
	at AVLTree.insert(AVLTree.java:51)
	at AVLTree.insert(AVLTree.java:49)
	at AVLTree.insert(AVLTree.java:51)
	at AVLTree.insert(AVLTree.java:49)
	at AVLTree.insert(AVLTree.java:51)
	at AVLTree.insert(AVLTree.java:49)
	at AVLTree.insert(AVLTree.java:51)
	at AVLTree.insert(AVLTree.java:49)
	at AVLTree.insert(AVLTree.java:51)
	at AVLTree.insert(AVLTree.java:49)
	at AVLTree.insert(AVLTree.java:51)
	at AVLTree.insert(AVLTree.java:49)
	at AVLTree.insert(AVLTree.java:51)
	at AVLTree.insert(AVLTree.java:49)
	at AVLTree.insert(AVLTree.java:51)
	at AVLTree.insert(AVLTree.java:49)
	at AVLTree.insert(AVLTree.java:51)
	at AVLTree.insert(AVLTree.java:49)
	at AVLTree.insert(AVLTree.java:51)
	at AVLTree.insert(AVLTree.java:49)
	at AVLTree.insert(AVLTree.java:51)
	at AVLTree.insert(AVLTree.java:49)
	at AVLTree.insert(AVLTree.java:51)
	at AVLTree.insert(AVLTree.java:49)
	at AVLTree.insert(AVLTree.java:51)
	at AVLTree.insert(AVLTree.java:49)
	at AVLTree.insert(AVLTree.java:51)
	at AVLTree.insert(AVLTree.java:49)
	at AVLTree.insert(AVLTree.java:51)
	at AVLTree.insert(AVLTree.java:49)
	at AVLTree.insert(AVLTree.java:51)
	at AVLTree.insert(AVLTree.java:49)
	at AVLTree.insert(AVLTree.java:51)
	at AVLTree.insert(AVLTree.java:49)
	at AVLTree.insert(AVLTree.java:51)
	at AVLTree.insert(AVLTree.java:49)
	at AVLTree.insert(AVLTree.java:51)
	at AVLTree.insert(AVLTree.java:49)
	at AVLTree.insert(AVLTree.java:51)
	at AVLTree.insert(AVLTree.java:49)
	at AVLTree.insert(AVLTree.java:51)
	at AVLTree.insert(AVLTree.java:49)
	at AVLTree.insert(AVLTree.java:51)
	at AVLTree.insert(AVLTree.java:49)
	at AVLTree.insert(AVLTree.java:51)
	at AVLTree.insert(AVLTree.java:49)
	at AVLTree.insert(AVLTree.java:51)
	at AVLTree.insert(AVLTree.java:49)
	at AVLTree.insert(AVLTree.java:51)
	at AVLTree.insert(AVLTree.java:49)
	at AVLTree.insert(AVLTree.java:51)
	at AVLTree.insert(AVLTree.java:49)
	at AVLTree.insert(AVLTree.java:51)
	at AVLTree.insert(AVLTree.java:49)
	at AVLTree.insert(AVLTree.java:51)
	at AVLTree.insert(AVLTree.java:49)
	at AVLTree.insert(AVLTree.java:51)
	at AVLTree.insert(AVLTree.java:49)
	at AVLTree.insert(AVLTree.java:51)
	at AVLTree.insert(AVLTree.java:49)
	at AVLTree.insert(AVLTree.java:51)
	at AVLTree.insert(AVLTree.java:49)
	at AVLTree.insert(AVLTree.java:51)
	at AVLTree.insert(AVLTree.java:49)
	at AVLTree.insert(AVLTree.java:51)
	at AVLTree.insert(AVLTree.java:49)
	at AVLTree.insert(AVLTree.java:51)
	at AVLTree.insert(AVLTree.java:49)
	at AVLTree.insert(AVLTree.java:51)
	at AVLTree.insert(AVLTree.java:49)
	at AVLTree.insert(AVLTree.java:51)
	at AVLTree.insert(AVLTree.java:49)
	at AVLTree.insert(AVLTree.java:51)
	at AVLTree.insert(AVLTree.java:49)
	at AVLTree.insert(AVLTree.java:51)
	at AVLTree.insert(AVLTree.java:49)
	at AVLTree.insert(AVLTree.java:51)
	at AVLTree.insert(AVLTree.java:49)
	at AVLTree.insert(AVLTree.java:51)
	at AVLTree.insert(AVLTree.java:49)
	at AVLTree.insert(AVLTree.java:51)
	at AVLTree.insert(AVLTree.java:49)
	at AVLTree.insert(AVLTree.java:51)
	at AVLTree.insert(AVLTree.java:49)
	at AVLTree.insert(AVLTree.java:51)
	at AVLTree.insert(AVLTree.java:49)
	at AVLTree.insert(AVLTree.java:51)
	at AVLTree.insert(AVLTree.java:49)
	at AVLTree.insert(AVLTree.java:51)
	at AVLTree.insert(AVLTree.java:49)
	at AVLTree.insert(AVLTree.java:51)
	at AVLTree.insert(AVLTree.java:49)
	at AVLTree.insert(AVLTree.java:51)
	at AVLTree.insert(AVLTree.java:49)
	at AVLTree.insert(AVLTree.java:51)
	at AVLTree.insert(AVLTree.java:49)
	at AVLTree.insert(AVLTree.java:51)
	at AVLTree.insert(AVLTree.java:49)
	at AVLTree.insert(AVLTree.java:51)
	at AVLTree.insert(AVLTree.java:49)
	at AVLTree.insert(AVLTree.java:51)
	at AVLTree.insert(AVLTree.java:49)
	at AVLTree.insert(AVLTree.java:51)
	at AVLTree.insert(AVLTree.java:49)
	at AVLTree.insert(AVLTree.java:51)
	at AVLTree.insert(AVLTree.java:49)
	at AVLTree.insert(AVLTree.java:51)
	at AVLTree.insert(AVLTree.java:49)
	at AVLTree.insert(AVLTree.java:51)
	at AVLTree.insert(AVLTree.java:49)
	at AVLTree.insert(AVLTree.java:51)
	at AVLTree.insert(AVLTree.java:49)
	at AVLTree.insert(AVLTree.java:51)
	at AVLTree.insert(AVLTree.java:49)
	at AVLTree.insert(AVLTree.java:51)
	at AVLTree.insert(AVLTree.java:49)
	at AVLTree.insert(AVLTree.java:51)
	at AVLTree.insert(AVLTree.java:49)
	at AVLTree.insert(AVLTree.java:51)
	at AVLTree.insert(AVLTree.java:49)
	at AVLTree.insert(AVLTree.java:51)
	at AVLTree.insert(AVLTree.java:49)
	at AVLTree.insert(AVLTree.java:51)
	at AVLTree.insert(AVLTree.java:49)
	at AVLTree.insert(AVLTree.java:51)
	at AVLTree.insert(AVLTree.java:49)
	at AVLTree.insert(AVLTree.java:51)
	at AVLTree.insert(AVLTree.java:49)
	at AVLTree.insert(AVLTree.java:51)
	at AVLTree.insert(AVLTree.java:49)
	at AVLTree.insert(AVLTree.java:51)
	at AVLTree.insert(AVLTree.java:49)
	at AVLTree.insert(AVLTree.java:51)
	at AVLTree.insert(AVLTree.java:49)
	at AVLTree.insert(AVLTree.java:51)
	at AVLTree.insert(AVLTree.java:49)
	at AVLTree.insert(AVLTree.java:51)
	at AVLTree.insert(AVLTree.java:49)
	at AVLTree.insert(AVLTree.java:51)
	at AVLTree.insert(AVLTree.java:49)
	at AVLTree.insert(AVLTree.java:51)
	at AVLTree.insert(AVLTree.java:49)
	at AVLTree.insert(AVLTree.java:51)
	at AVLTree.insert(AVLTree.java:49)
	at AVLTree.insert(AVLTree.java:51)
	at AVLTree.insert(AVLTree.java:49)
	at AVLTree.insert(AVLTree.java:51)
	at AVLTree.insert(AVLTree.java:49)
	at AVLTree.insert(AVLTree.java:51)
	at AVLTree.insert(AVLTree.java:49)
	at AVLTree.insert(AVLTree.java:51)
	at AVLTree.insert(AVLTree.java:49)
	at AVLTree.insert(AVLTree.java:51)
	at AVLTree.insert(AVLTree.java:49)
	at AVLTree.insert(AVLTree.java:51)
	at AVLTree.insert(AVLTree.java:49)
	at AVLTree.insert(AVLTree.java:51)
	at AVLTree.insert(AVLTree.java:49)
	at AVLTree.insert(AVLTree.java:51)
	at AVLTree.insert(AVLTree.java:49)
	at AVLTree.insert(AVLTree.java:51)
	at AVLTree.insert(AVLTree.java:49)
	at AVLTree.insert(AVLTree.java:51)
	at AVLTree.insert(AVLTree.java:49)
	at AVLTree.insert(AVLTree.java:51)
	at AVLTree.insert(AVLTree.java:49)
	at AVLTree.insert(AVLTree.java:51)
	at AVLTree.insert(AVLTree.java:49)
	at AVLTree.insert(AVLTree.java:51)
	at AVLTree.insert(AVLTree.java:49)
	at AVLTree.insert(AVLTree.java:51)
	at AVLTree.insert(AVLTree.java:49)
	at AVLTree.insert(AVLTree.java:51)
	at AVLTree.insert(AVLTree.java:49)
	at AVLTree.insert(AVLTree.java:51)
	at AVLTree.insert(AVLTree.java:49)
	at AVLTree.insert(AVLTree.java:51)
	at AVLTree.insert(AVLTree.java:49)
	at AVLTree.insert(AVLTree.java:51)
	at AVLTree.insert(AVLTree.java:49)
	at AVLTree.insert(AVLTree.java:51)
	at AVLTree.insert(AVLTree.java:49)
	at AVLTree.insert(AVLTree.java:51)
	at AVLTree.insert(AVLTree.java:49)
	at AVLTree.insert(AVLTree.java:51)
	at AVLTree.insert(AVLTree.java:49)
	at AVLTree.insert(AVLTree.java:51)
	at AVLTree.insert(AVLTree.java:49)
	at AVLTree.insert(AVLTree.java:51)
	at AVLTree.insert(AVLTree.java:49)
	at AVLTree.insert(AVLTree.java:51)
	at AVLTree.insert(AVLTree.java:49)
	at AVLTree.insert(AVLTree.java:51)
	at AVLTree.insert(AVLTree.java:49)
	at AVLTree.insert(AVLTree.java:51)
	at AVLTree.insert(AVLTree.java:49)
	at AVLTree.insert(AVLTree.java:51)
	at AVLTree.insert(AVLTree.java:49)
	at AVLTree.insert(AVLTree.java:51)
	at AVLTree.insert(AVLTree.java:49)
	at AVLTree.insert(AVLTree.java:51)
	at AVLTree.insert(AVLTree.java:49)
	at AVLTree.insert(AVLTree.java:51)
	at AVLTree.insert(AVLTree.java:49)
	at AVLTree.insert(AVLTree.java:51)
	at AVLTree.insert(AVLTree.java:49)
	at AVLTree.insert(AVLTree.java:51)
	at AVLTree.insert(AVLTree.java:49)
	at AVLTree.insert(AVLTree.java:51)
	at AVLTree.insert(AVLTree.java:49)
	at AVLTree.insert(AVLTree.java:51)
	at AVLTree.insert(AVLTree.java:49)
	at AVLTree.insert(AVLTree.java:51)
	at AVLTree.insert(AVLTree.java:49)
	at AVLTree.insert(AVLTree.java:51)
	at AVLTree.insert(AVLTree.java:49)
	at AVLTree.insert(AVLTree.java:51)
	at AVLTree.insert(AVLTree.java:49)
	at AVLTree.insert(AVLTree.java:51)
	at AVLTree.insert(AVLTree.java:49)
	at AVLTree.insert(AVLTree.java:51)
	at AVLTree.insert(AVLTree.java:49)
	at AVLTree.insert(AVLTree.java:51)
	at AVLTree.insert(AVLTree.java:49)
	at AVLTree.insert(AVLTree.java:51)
	at AVLTree.insert(AVLTree.java:49)
	at AVLTree.insert(AVLTree.java:51)
	at AVLTree.insert(AVLTree.java:49)
	at AVLTree.insert(AVLTree.java:51)
	at AVLTree.insert(AVLTree.java:49)
	at AVLTree.insert(AVLTree.java:51)
	at AVLTree.insert(AVLTree.java:49)
	at AVLTree.insert(AVLTree.java:51)
	at AVLTree.insert(AVLTree.java:49)
	at AVLTree.insert(AVLTree.java:51)
	at AVLTree.insert(AVLTree.java:49)
	at AVLTree.insert(AVLTree.java:51)
	at AVLTree.insert(AVLTree.java:49)
	at AVLTree.insert(AVLTree.java:51)
	at AVLTree.insert(AVLTree.java:49)
	at AVLTree.insert(AVLTree.java:51)
	at AVLTree.insert(AVLTree.java:49)
	at AVLTree.insert(AVLTree.java:51)
	at AVLTree.insert(AVLTree.java:49)
	at AVLTree.insert(AVLTree.java:51)
	at AVLTree.insert(AVLTree.java:49)
	at AVLTree.insert(AVLTree.java:51)
	at AVLTree.insert(AVLTree.java:49)
	at AVLTree.insert(AVLTree.java:51)
	at AVLTree.insert(AVLTree.java:49)
	at AVLTree.insert(AVLTree.java:51)
	at AVLTree.insert(AVLTree.java:49)
	at AVLTree.insert(AVLTree.java:51)
	at AVLTree.insert(AVLTree.java:49)
	at AVLTree.insert(AVLTree.java:51)
	at AVLTree.insert(AVLTree.java:49)
	at AVLTree.insert(AVLTree.java:51)
	at AVLTree.insert(AVLTree.java:49)
	at AVLTree.insert(AVLTree.java:51)
	at AVLTree.insert(AVLTree.java:49)
	at AVLTree.insert(AVLTree.java:51)
	at AVLTree.insert(AVLTree.java:49)
	at AVLTree.insert(AVLTree.java:51)
	at AVLTree.insert(AVLTree.java:49)
	at AVLTree.insert(AVLTree.java:51)
	at AVLTree.insert(AVLTree.java:49)
	at AVLTree.insert(AVLTree.java:51)
	at AVLTree.insert(AVLTree.java:49)
	at AVLTree.insert(AVLTree.java:51)
	at AVLTree.insert(AVLTree.java:49)
	at AVLTree.insert(AVLTree.java:51)
	at AVLTree.insert(AVLTree.java:49)
	at AVLTree.insert(AVLTree.java:51)
	at AVLTree.insert(AVLTree.java:49)
	at AVLTree.insert(AVLTree.java:51)
	at AVLTree.insert(AVLTree.java:49)
	at AVLTree.insert(AVLTree.java:51)
	at AVLTree.insert(AVLTree.java:49)
	at AVLTree.insert(AVLTree.java:51)
	at AVLTree.insert(AVLTree.java:49)
	at AVLTree.insert(AVLTree.java:51)
	at AVLTree.insert(AVLTree.java:49)
	at AVLTree.insert(AVLTree.java:51)
	at AVLTree.insert(AVLTree.java:49)
	at AVLTree.insert(AVLTree.java:51)
	at AVLTree.insert(AVLTree.java:49)
	at AVLTree.insert(AVLTree.java:51)
	at AVLTree.insert(AVLTree.java:49)
	at AVLTree.insert(AVLTree.java:51)
	at AVLTree.insert(AVLTree.java:49)
	at AVLTree.insert(AVLTree.java:51)
	at AVLTree.insert(AVLTree.java:49)
	at AVLTree.insert(AVLTree.java:51)
	at AVLTree.insert(AVLTree.java:49)
	at AVLTree.insert(AVLTree.java:51)
	at AVLTree.insert(AVLTree.java:49)
	at AVLTree.insert(AVLTree.java:51)
	at AVLTree.insert(AVLTree.java:49)
	at AVLTree.insert(AVLTree.java:51)
	at AVLTree.insert(AVLTree.java:49)
	at AVLTree.insert(AVLTree.java:51)
	at AVLTree.insert(AVLTree.java:49)
	at AVLTree.insert(AVLTree.java:51)
	at AVLTree.insert(AVLTree.java:49)
	at AVLTree.insert(AVLTree.java:51)
	at AVLTree.insert(AVLTree.java:49)
	at AVLTree.insert(AVLTree.java:51)
	at AVLTree.insert(AVLTree.java:49)
	at AVLTree.insert(AVLTree.java:51)
	at AVLTree.insert(AVLTree.java:49)
	at AVLTree.insert(AVLTree.java:51)
	at AVLTree.insert(AVLTree.java:49)
	at AVLTree.insert(AVLTree.java:51)
	at AVLTree.insert(AVLTree.java:49)
	at AVLTree.insert(AVLTree.java:51)
	at AVLTree.insert(AVLTree.java:49)
	at AVLTree.insert(AVLTree.java:51)
	at AVLTree.insert(AVLTree.java:49)
	at AVLTree.insert(AVLTree.java:51)
	at AVLTree.insert(AVLTree.java:49)
	at AVLTree.insert(AVLTree.java:51)
	at AVLTree.insert(AVLTree.java:49)
	at AVLTree.insert(AVLTree.java:51)
	at AVLTree.insert(AVLTree.java:49)
	at AVLTree.insert(AVLTree.java:51)
	at AVLTree.insert(AVLTree.java:49)
	at AVLTree.insert(AVLTree.java:51)
	at AVLTree.insert(AVLTree.java:49)
	at AVLTree.insert(AVLTree.java:51)
	at AVLTree.insert(AVLTree.java:49)
	at AVLTree.insert(AVLTree.java:51)
	at AVLTree.insert(AVLTree.java:49)
	at AVLTree.insert(AVLTree.java:51)
	at AVLTree.insert(AVLTree.java:49)
	at AVLTree.insert(AVLTree.java:51)
	at AVLTree.insert(AVLTree.java:49)
	at AVLTree.insert(AVLTree.java:51)
	at AVLTree.insert(AVLTree.java:49)
	at AVLTree.insert(AVLTree.java:51)
	at AVLTree.insert(AVLTree.java:49)
	at AVLTree.insert(AVLTree.java:51)
	at AVLTree.insert(AVLTree.java:49)
	at AVLTree.insert(AVLTree.java:51)
	at AVLTree.insert(AVLTree.java:49)
	at AVLTree.insert(AVLTree.java:51)
	at AVLTree.insert(AVLTree.java:49)
	at AVLTree.insert(AVLTree.java:51)
	at AVLTree.insert(AVLTree.java:49)
	at AVLTree.insert(AVLTree.java:51)
	at AVLTree.insert(AVLTree.java:49)
	at AVLTree.insert(AVLTree.java:51)
	at AVLTree.insert(AVLTree.java:49)
	at AVLTree.insert(AVLTree.java:51)
	at AVLTree.insert(AVLTree.java:49)
	at AVLTree.insert(AVLTree.java:51)
	at AVLTree.insert(AVLTree.java:49)
	at AVLTree.insert(AVLTree.java:51)
	at AVLTree.insert(AVLTree.java:49)
	at AVLTree.insert(AVLTree.java:51)
	at AVLTree.insert(AVLTree.java:49)
	at AVLTree.insert(AVLTree.java:51)
	at AVLTree.insert(AVLTree.java:49)
	at AVLTree.insert(AVLTree.java:51)
	at AVLTree.insert(AVLTree.java:49)
	at AVLTree.insert(AVLTree.java:51)
	at AVLTree.insert(AVLTree.java:49)
	at AVLTree.insert(AVLTree.java:51)
	at AVLTree.insert(AVLTree.java:49)
	at AVLTree.insert(AVLTree.java:51)
	at AVLTree.insert(AVLTree.java:49)
	at AVLTree.insert(AVLTree.java:51)
	at AVLTree.insert(AVLTree.java:49)
	at AVLTree.insert(AVLTree.java:51)
	at AVLTree.insert(AVLTree.java:49)
	at AVLTree.insert(AVLTree.java:51)
	at AVLTree.insert(AVLTree.java:49)
	at AVLTree.insert(AVLTree.java:51)
	at AVLTree.insert(AVLTree.java:49)
	at AVLTree.insert(AVLTree.java:51)
	at AVLTree.insert(AVLTree.java:49)
	at AVLTree.insert(AVLTree.java:51)
	at AVLTree.insert(AVLTree.java:49)
	at AVLTree.insert(AVLTree.java:51)
	at AVLTree.insert(AVLTree.java:49)
	at AVLTree.insert(AVLTree.java:51)
	at AVLTree.insert(AVLTree.java:49)
	at AVLTree.insert(AVLTree.java:51)
	at AVLTree.insert(AVLTree.java:49)
	at AVLTree.insert(AVLTree.java:51)
	at AVLTree.insert(AVLTree.java:49)
	at AVLTree.insert(AVLTree.java:51)
	at AVLTree.insert(AVLTree.java:49)
	at AVLTree.insert(AVLTree.java:51)
	at AVLTree.insert(AVLTree.java:49)
	at AVLTree.insert(AVLTree.java:51)
	at AVLTree.insert(AVLTree.java:49)
	at AVLTree.insert(AVLTree.java:51)
	at AVLTree.insert(AVLTree.java:49)
	at AVLTree.insert(AVLTree.java:51)
	at AVLTree.insert(AVLTree.java:49)
	at AVLTree.insert(AVLTree.java:51)
	at AVLTree.insert(AVLTree.java:49)
	at AVLTree.insert(AVLTree.java:51)
	at AVLTree.insert(AVLTree.java:49)
	at AVLTree.insert(AVLTree.java:51)
	at AVLTree.insert(AVLTree.java:49)
	at AVLTree.insert(AVLTree.java:51)
	at AVLTree.insert(AVLTree.java:49)
	at AVLTree.insert(AVLTree.java:51)
	at AVLTree.insert(AVLTree.java:49)
	at AVLTree.insert(AVLTree.java:51)
	at AVLTree.insert(AVLTree.java:49)
	at AVLTree.insert(AVLTree.java:51)
	at AVLTree.insert(AVLTree.java:49)
	at AVLTree.insert(AVLTree.java:51)
	at AVLTree.insert(AVLTree.java:49)
	at AVLTree.insert(AVLTree.java:51)
	at AVLTree.insert(AVLTree.java:49)
	at AVLTree.insert(AVLTree.java:51)
	at AVLTree.insert(AVLTree.java:49)
	at AVLTree.insert(AVLTree.java:51)
	at AVLTree.insert(AVLTree.java:49)
	at AVLTree.insert(AVLTree.java:51)
	at AVLTree.insert(AVLTree.java:49)
	at AVLTree.insert(AVLTree.java:51)
	at AVLTree.insert(AVLTree.java:49)
	at AVLTree.insert(AVLTree.java:51)
	at AVLTree.insert(AVLTree.java:49)
	at AVLTree.insert(AVLTree.java:51)
	at AVLTree.insert(AVLTree.java:49)
	at AVLTree.insert(AVLTree.java:51)
	at AVLTree.insert(AVLTree.java:49)
	at AVLTree.insert(AVLTree.java:51)
	at AVLTree.insert(AVLTree.java:49)
	at AVLTree.insert(AVLTree.java:51)
	at AVLTree.insert(AVLTree.java:49)
	at AVLTree.insert(AVLTree.java:51)
	at AVLTree.insert(AVLTree.java:49)
	at AVLTree.insert(AVLTree.java:51)
	at AVLTree.insert(AVLTree.java:49)
	at AVLTree.insert(AVLTree.java:51)
	at AVLTree.insert(AVLTree.java:49)
	at AVLTree.insert(AVLTree.java:51)
	at AVLTree.insert(AVLTree.java:49)
	at AVLTree.insert(AVLTree.java:51)
	at AVLTree.insert(AVLTree.java:49)
	at AVLTree.insert(AVLTree.java:51)
	at AVLTree.insert(AVLTree.java:49)
	at AVLTree.insert(AVLTree.java:51)
	at AVLTree.insert(AVLTree.java:49)
	at AVLTree.insert(AVLTree.java:51)
	at AVLTree.insert(AVLTree.java:49)
	at AVLTree.insert(AVLTree.java:51)
	at AVLTree.insert(AVLTree.java:49)
	at AVLTree.insert(AVLTree.java:51)
	at AVLTree.insert(AVLTree.java:49)
	at AVLTree.insert(AVLTree.java:51)
	at AVLTree.insert(AVLTree.java:49)
	at AVLTree.insert(AVLTree.java:51)
	at AVLTree.insert(AVLTree.java:49)
	at AVLTree.insert(AVLTree.java:51)
	at AVLTree.insert(AVLTree.java:49)
	at AVLTree.insert(AVLTree.java:51)
	at AVLTree.insert(AVLTree.java:49)
	at AVLTree.insert(AVLTree.java:51)
	at AVLTree.insert(AVLTree.java:49)
	at AVLTree.insert(AVLTree.java:51)
	at AVLTree.insert(AVLTree.java:49)
	at AVLTree.insert(AVLTree.java:51)
	at AVLTree.insert(AVLTree.java:49)
	at AVLTree.insert(AVLTree.java:51)
	at AVLTree.insert(AVLTree.java:49)
	at AVLTree.insert(AVLTree.java:51)
	at AVLTree.insert(AVLTree.java:49)
	at AVLTree.insert(AVLTree.java:51)
	at AVLTree.insert(AVLTree.java:49)
	at AVLTree.insert(AVLTree.java:51)
	at AVLTree.insert(AVLTree.java:49)
	at AVLTree.insert(AVLTree.java:51)
	at AVLTree.insert(AVLTree.java:49)
	at AVLTree.insert(AVLTree.java:51)
	at AVLTree.insert(AVLTree.java:49)
	at AVLTree.insert(AVLTree.java:51)
	at AVLTree.insert(AVLTree.java:49)
	at AVLTree.insert(AVLTree.java:51)
	at AVLTree.insert(AVLTree.java:49)
	at AVLTree.insert(AVLTree.java:51)
	at AVLTree.insert(AVLTree.java:49)
	at AVLTree.insert(AVLTree.java:51)
	at AVLTree.insert(AVLTree.java:49)
	at AVLTree.insert(AVLTree.java:51)
	at AVLTree.insert(AVLTree.java:49)
	at AVLTree.insert(AVLTree.java:51)
	at AVLTree.insert(AVLTree.java:49)
	at AVLTree.insert(AVLTree.java:51)
	at AVLTree.insert(AVLTree.java:49)
	at AVLTree.insert(AVLTree.java:51)
	at AVLTree.insert(AVLTree.java:49)
	at AVLTree.insert(AVLTree.java:51)
	at AVLTree.insert(AVLTree.java:49)
	at AVLTree.insert(AVLTree.java:51)
	at AVLTree.insert(AVLTree.java:49)
	at AVLTree.insert(AVLTree.java:51)
	at AVLTree.insert(AVLTree.java:49)
	at AVLTree.insert(AVLTree.java:51)
	at AVLTree.insert(AVLTree.java:49)
	at AVLTree.insert(AVLTree.java:51)
	at AVLTree.insert(AVLTree.java:49)
	at AVLTree.insert(AVLTree.java:51)
	at AVLTree.insert(AVLTree.java:49)
	at AVLTree.insert(AVLTree.java:51)
	at AVLTree.insert(AVLTree.java:49)
	at AVLTree.insert(AVLTree.java:51)
	at AVLTree.insert(AVLTree.java:49)
	at AVLTree.insert(AVLTree.java:51)
	at AVLTree.insert(AVLTree.java:49)
	at AVLTree.insert(AVLTree.java:51)
	at AVLTree.insert(AVLTree.java:49)
	at AVLTree.insert(AVLTree.java:51)
	at AVLTree.insert(AVLTree.java:49)
	at AVLTree.insert(AVLTree.java:51)
	at AVLTree.insert(AVLTree.java:49)
	at AVLTree.insert(AVLTree.java:51)
	at AVLTree.insert(AVLTree.java:49)
	at AVLTree.insert(AVLTree.java:51)
	at AVLTree.insert(AVLTree.java:49)
	at AVLTree.insert(AVLTree.java:51)
	at AVLTree.insert(AVLTree.java:49)
	at AVLTree.insert(AVLTree.java:51)
	at AVLTree.insert(AVLTree.java:49)
	at AVLTree.insert(AVLTree.java:51)
	at AVLTree.insert(AVLTree.java:49)
	at AVLTree.insert(AVLTree.java:51)
	at AVLTree.insert(AVLTree.java:49)
	at AVLTree.insert(AVLTree.java:51)
	at AVLTree.insert(AVLTree.java:49)
	at AVLTree.insert(AVLTree.java:51)
	at AVLTree.insert(AVLTree.java:49)
	at AVLTree.insert(AVLTree.java:51)
	at AVLTree.insert(AVLTree.java:49)
	at AVLTree.insert(AVLTree.java:51)
	at AVLTree.insert(AVLTree.java:49)
	at AVLTree.insert(AVLTree.java:51)
	at AVLTree.insert(AVLTree.java:49)
	at AVLTree.insert(AVLTree.java:51)
	at AVLTree.insert(AVLTree.java:49)
	at AVLTree.insert(AVLTree.java:51)
	at AVLTree.insert(AVLTree.java:49)
	at AVLTree.insert(AVLTree.java:51)
	at AVLTree.insert(AVLTree.java:49)
	at AVLTree.insert(AVLTree.java:51)
	at AVLTree.insert(AVLTree.java:49)
	at AVLTree.insert(AVLTree.java:51)
	at AVLTree.insert(AVLTree.java:49)
	at AVLTree.insert(AVLTree.java:51)
	at AVLTree.insert(AVLTree.java:49)
	at AVLTree.insert(AVLTree.java:51)
	at AVLTree.insert(AVLTree.java:49)
	at AVLTree.insert(AVLTree.java:51)
	at AVLTree.insert(AVLTree.java:49)
	at AVLTree.insert(AVLTree.java:51)
	at AVLTree.insert(AVLTree.java:49)
	at AVLTree.insert(AVLTree.java:51)
	at AVLTree.insert(AVLTree.java:49)
	at AVLTree.insert(AVLTree.java:51)
	at AVLTree.insert(AVLTree.java:49)
	at AVLTree.insert(AVLTree.java:51)
	at AVLTree.insert(AVLTree.java:49)
	at AVLTree.insert(AVLTree.java:51)
	at AVLTree.insert(AVLTree.java:49)
	at AVLTree.insert(AVLTree.java:51)
	at AVLTree.insert(AVLTree.java:49)
	at AVLTree.insert(AVLTree.java:51)
	at AVLTree.insert(AVLTree.java:49)
	at AVLTree.insert(AVLTree.java:51)
	at AVLTree.insert(AVLTree.java:49)
	at AVLTree.insert(AVLTree.java:51)
	at AVLTree.insert(AVLTree.java:49)
	at AVLTree.insert(AVLTree.java:51)
	at AVLTree.insert(AVLTree.java:49)
	at AVLTree.insert(AVLTree.java:51)
	at AVLTree.insert(AVLTree.java:49)
	at AVLTree.insert(AVLTree.java:51)
	at AVLTree.insert(AVLTree.java:49)
	at AVLTree.insert(AVLTree.java:51)
	at AVLTree.insert(AVLTree.java:49)
	at AVLTree.insert(AVLTree.java:51)
	at AVLTree.insert(AVLTree.java:49)
	at AVLTree.insert(AVLTree.java:51)
	at AVLTree.insert(AVLTree.java:49)
	at AVLTree.insert(AVLTree.java:51)
	at AVLTree.insert(AVLTree.java:49)
	at AVLTree.insert(AVLTree.java:51)
	at AVLTree.insert(AVLTree.java:49)
	at AVLTree.insert(AVLTree.java:51)
	at AVLTree.insert(AVLTree.java:49)
	at AVLTree.insert(AVLTree.java:51)
	at AVLTree.insert(AVLTree.java:49)
	at AVLTree.insert(AVLTree.java:51)
	at AVLTree.insert(AVLTree.java:49)
	at AVLTree.insert(AVLTree.java:51)
	at AVLTree.insert(AVLTree.java:49)
	at AVLTree.insert(AVLTree.java:51)
	at AVLTree.insert(AVLTree.java:49)
	at AVLTree.insert(AVLTree.java:51)
	at AVLTree.insert(AVLTree.java:49)
	at AVLTree.insert(AVLTree.java:51)
	at AVLTree.insert(AVLTree.java:49)
	at AVLTree.insert(AVLTree.java:51)
	at AVLTree.insert(AVLTree.java:49)
	at AVLTree.insert(AVLTree.java:51)
	at AVLTree.insert(AVLTree.java:49)
	at AVLTree.insert(AVLTree.java:51)
	at AVLTree.insert(AVLTree.java:49)
	at AVLTree.insert(AVLTree.java:51)
	at AVLTree.insert(AVLTree.java:49)
	at AVLTree.insert(AVLTree.java:51)
	at AVLTree.insert(AVLTree.java:49)
	at AVLTree.insert(AVLTree.java:51)
	at AVLTree.insert(AVLTree.java:49)
	at AVLTree.insert(AVLTree.java:51)
	at AVLTree.insert(AVLTree.java:49)
	at AVLTree.insert(AVLTree.java:51)
	at AVLTree.insert(AVLTree.java:49)
	at AVLTree.insert(AVLTree.java:51)
	at AVLTree.insert(AVLTree.java:49)
	at AVLTree.insert(AVLTree.java:51)
	at AVLTree.insert(AVLTree.java:49)
	at AVLTree.insert(AVLTree.java:51)
	at AVLTree.insert(AVLTree.java:49)
	at AVLTree.insert(AVLTree.java:51)
	at AVLTree.insert(AVLTree.java:49)
	at AVLTree.insert(AVLTree.java:51)
	at AVLTree.insert(AVLTree.java:49)
	at AVLTree.insert(AVLTree.java:51)
	at AVLTree.insert(AVLTree.java:49)
	at AVLTree.insert(AVLTree.java:51)
	at AVLTree.insert(AVLTree.java:49)
	at AVLTree.insert(AVLTree.java:51)
	at AVLTree.insert(AVLTree.java:49)
	at AVLTree.insert(AVLTree.java:51)
	at AVLTree.insert(AVLTree.java:49)
	at AVLTree.insert(AVLTree.java:51)
	at AVLTree.insert(AVLTree.java:49)
	at AVLTree.insert(AVLTree.java:51)
	at AVLTree.insert(AVLTree.java:49)
	at AVLTree.insert(AVLTree.java:51)
	at AVLTree.insert(AVLTree.java:49)
	at AVLTree.insert(AVLTree.java:51)
	at AVLTree.insert(AVLTree.java:49)
	at AVLTree.insert(AVLTree.java:51)
	at AVLTree.insert(AVLTree.java:49)
	at AVLTree.insert(AVLTree.java:51)
	at AVLTree.insert(AVLTree.java:49)
	at AVLTree.insert(AVLTree.java:51)
	at AVLTree.insert(AVLTree.java:49)
	at AVLTree.insert(AVLTree.java:51)
	at AVLTree.insert(AVLTree.java:49)
	at AVLTree.insert(AVLTree.java:51)
	at AVLTree.insert(AVLTree.java:49)
	at AVLTree.insert(AVLTree.java:51)
	at AVLTree.insert(AVLTree.java:49)
	at AVLTree.insert(AVLTree.java:51)
	at AVLTree.insert(AVLTree.java:49)
	at AVLTree.insert(AVLTree.java:51)
	at AVLTree.insert(AVLTree.java:49)
	at AVLTree.insert(AVLTree.java:51)
	at AVLTree.insert(AVLTree.java:49)
	at AVLTree.insert(AVLTree.java:51)
	at AVLTree.insert(AVLTree.java:49)
	at AVLTree.insert(AVLTree.java:51)
	at AVLTree.insert(AVLTree.java:49)
	at AVLTree.insert(AVLTree.java:51)
	at AVLTree.insert(AVLTree.java:49)
	at AVLTree.insert(AVLTree.java:51)
	at AVLTree.insert(AVLTree.java:49)
	at AVLTree.insert(AVLTree.java:51)
	at AVLTree.insert(AVLTree.java:49)
	at AVLTree.insert(AVLTree.java:51)
	at AVLTree.insert(AVLTree.java:49)
	at AVLTree.insert(AVLTree.java:51)
	at AVLTree.insert(AVLTree.java:49)
	at AVLTree.insert(AVLTree.java:51)
	at AVLTree.insert(AVLTree.java:49)
	at AVLTree.insert(AVLTree.java:51)
	at AVLTree.insert(AVLTree.java:49)
	at AVLTree.insert(AVLTree.java:51)
	at AVLTree.insert(AVLTree.java:49)
	at AVLTree.insert(AVLTree.java:51)
	at AVLTree.insert(AVLTree.java:49)
	at AVLTree.insert(AVLTree.java:51)
	at AVLTree.insert(AVLTree.java:49)
	at AVLTree.insert(AVLTree.java:51)
	at AVLTree.insert(AVLTree.java:49)
	at AVLTree.insert(AVLTree.java:51)
	at AVLTree.insert(AVLTree.java:49)
	at AVLTree.insert(AVLTree.java:51)
	at AVLTree.insert(AVLTree.java:49)
	at AVLTree.insert(AVLTree.java:51)
	at AVLTree.insert(AVLTree.java:49)
	at AVLTree.insert(AVLTree.java:51)
	at AVLTree.insert(AVLTree.java:49)
	at AVLTree.insert(AVLTree.java:51)
	at AVLTree.insert(AVLTree.java:49)
	at AVLTree.insert(AVLTree.java:51)
	at AVLTree.insert(AVLTree.java:49)
	at AVLTree.insert(AVLTree.java:51)
	at AVLTree.insert(AVLTree.java:49)
	at AVLTree.insert(AVLTree.java:51)
	at AVLTree.insert(AVLTree.java:49)
	at AVLTree.insert(AVLTree.java:51)
	at AVLTree.insert(AVLTree.java:49)
	at AVLTree.insert(AVLTree.java:51)
	at AVLTree.insert(AVLTree.java:49)
	at AVLTree.insert(AVLTree.java:51)
	at AVLTree.insert(AVLTree.java:49)
	at AVLTree.insert(AVLTree.java:51)
	at AVLTree.insert(AVLTree.java:49)
	at AVLTree.insert(AVLTree.java:51)
	at AVLTree.insert(AVLTree.java:49)
	at AVLTree.insert(AVLTree.java:51)
	at AVLTree.insert(AVLTree.java:49)
	at AVLTree.insert(AVLTree.java:51)
	at AVLTree.insert(AVLTree.java:49)
	at AVLTree.insert(AVLTree.java:51)
	at AVLTree.insert(AVLTree.java:49)
	at AVLTree.insert(AVLTree.java:51)
	at AVLTree.insert(AVLTree.java:49)
	at AVLTree.insert(AVLTree.java:51)
	at AVLTree.insert(AVLTree.java:49)
	at AVLTree.insert(AVLTree.java:51)
	at AVLTree.insert(AVLTree.java:49)
	at AVLTree.insert(AVLTree.java:51)
	at AVLTree.insert(AVLTree.java:49)
	at AVLTree.insert(AVLTree.java:51)
	at AVLTree.insert(AVLTree.java:49)
	at AVLTree.insert(AVLTree.java:51)
	at AVLTree.insert(AVLTree.java:49)
	at AVLTree.insert(AVLTree.java:51)
	at AVLTree.insert(AVLTree.java:49)
	at AVLTree.insert(AVLTree.java:51)
	at AVLTree.insert(AVLTree.java:49)
	at AVLTree.insert(AVLTree.java:51)
	at AVLTree.insert(AVLTree.java:49)
	at AVLTree.insert(AVLTree.java:51)
	at AVLTree.insert(AVLTree.java:49)
	at AVLTree.insert(AVLTree.java:51)
	at AVLTree.insert(AVLTree.java:49)
	at AVLTree.insert(AVLTree.java:51)
	at AVLTree.insert(AVLTree.java:49)
	at AVLTree.insert(AVLTree.java:51)
	at AVLTree.insert(AVLTree.java:49)
	at AVLTree.insert(AVLTree.java:51)
	at AVLTree.insert(AVLTree.java:49)
	at AVLTree.insert(AVLTree.java:51)
	at AVLTree.insert(AVLTree.java:49)
	at AVLTree.insert(AVLTree.java:51)
	at AVLTree.insert(AVLTree.java:49)
	at AVLTree.insert(AVLTree.java:51)
	at AVLTree.insert(AVLTree.java:49)
	at AVLTree.insert(AVLTree.java:51)
	at AVLTree.insert(AVLTree.java:49)
	at AVLTree.insert(AVLTree.java:51)
	at AVLTree.insert(AVLTree.java:49)
	at AVLTree.insert(AVLTree.java:51)
	at AVLTree.insert(AVLTree.java:49)
	at AVLTree.insert(AVLTree.java:51)
	at AVLTree.insert(AVLTree.java:49)
	at AVLTree.insert(AVLTree.java:51)
	at AVLTree.insert(AVLTree.java:49)
	at AVLTree.insert(AVLTree.java:51)
	at AVLTree.insert(AVLTree.java:49)
	at AVLTree.insert(AVLTree.java:51)
	at AVLTree.insert(AVLTree.java:49)
	at AVLTree.insert(AVLTree.java:51)
	at AVLTree.insert(AVLTree.java:49)
	at AVLTree.insert(AVLTree.java:51)
	at AVLTree.insert(AVLTree.java:49)
	at AVLTree.insert(AVLTree.java:51)
	at AVLTree.insert(AVLTree.java:49)
	at AVLTree.insert(AVLTree.java:51)
	at AVLTree.insert(AVLTree.java:49)
	at AVLTree.insert(AVLTree.java:51)
	at AVLTree.insert(AVLTree.java:49)
	at AVLTree.insert(AVLTree.java:51)
	at AVLTree.insert(AVLTree.java:49)
	at AVLTree.insert(AVLTree.java:51)
	at AVLTree.insert(AVLTree.java:49)
	at AVLTree.insert(AVLTree.java:51)
	at AVLTree.insert(AVLTree.java:49)
	at AVLTree.insert(AVLTree.java:51)
	at AVLTree.insert(AVLTree.java:49)
	at AVLTree.insert(AVLTree.java:51)
	at AVLTree.insert(AVLTree.java:49)
	at AVLTree.insert(AVLTree.java:51)
	at AVLTree.insert(AVLTree.java:49)
	at AVLTree.insert(AVLTree.java:51)
	at AVLTree.insert(AVLTree.java:49)
	at AVLTree.insert(AVLTree.java:51)
	at AVLTree.insert(AVLTree.java:49)
	at AVLTree.insert(AVLTree.java:51)
	at AVLTree.insert(AVLTree.java:49)
	at AVLTree.insert(AVLTree.java:51)
	at AVLTree.insert(AVLTree.java:49)
	at AVLTree.insert(AVLTree.java:51)
	at AVLTree.insert(AVLTree.java:49)
	at AVLTree.insert(AVLTree.java:51)
	at AVLTree.insert(AVLTree.java:49)
	at AVLTree.insert(AVLTree.java:51)
	at AVLTree.insert(AVLTree.java:49)
	at AVLTree.insert(AVLTree.java:51)
	at AVLTree.insert(AVLTree.java:49)
	at AVLTree.insert(AVLTree.java:51)
	at AVLTree.insert(AVLTree.java:49)
	at AVLTree.insert(AVLTree.java:51)
	at AVLTree.insert(AVLTree.java:49)
	at AVLTree.insert(AVLTree.java:51)
	at AVLTree.insert(AVLTree.java:49)
	at AVLTree.insert(AVLTree.java:51)
	at AVLTree.insert(AVLTree.java:49)
	at AVLTree.insert(AVLTree.java:51)
	at AVLTree.insert(AVLTree.java:49)
	at AVLTree.insert(AVLTree.java:51)
	at AVLTree.insert(AVLTree.java:49)
	at AVLTree.insert(AVLTree.java:51)
	at AVLTree.insert(AVLTree.java:49)
	at AVLTree.insert(AVLTree.java:51)
	at AVLTree.insert(AVLTree.java:49)
	at AVLTree.insert(AVLTree.java:51)
	at AVLTree.insert(AVLTree.java:49)
	at AVLTree.insert(AVLTree.java:51)
	at AVLTree.insert(AVLTree.java:49)
	at AVLTree.insert(AVLTree.java:51)
	at AVLTree.insert(AVLTree.java:49)
	at AVLTree.insert(AVLTree.java:51)
	at AVLTree.insert(AVLTree.java:49)
	at AVLTree.insert(AVLTree.java:51)
	at AVLTree.insert(AVLTree.java:49)
	at AVLTree.insert(AVLTree.java:51)
	at AVLTree.insert(AVLTree.java:49)
	at AVLTree.insert(AVLTree.java:51)
	at AVLTree.insert(AVLTree.java:49)
	at AVLTree.insert(AVLTree.java:51)
	at AVLTree.insert(AVLTree.java:49)
	at AVLTree.insert(AVLTree.java:51)
	at AVLTree.insert(AVLTree.java:49)
	at AVLTree.insert(AVLTree.java:51)
	at AVLTree.insert(AVLTree.java:49)
	at AVLTree.insert(AVLTree.java:51)
	at AVLTree.insert(AVLTree.java:49)
	at AVLTree.insert(AVLTree.java:51)
	at AVLTree.insert(AVLTree.java:49)
	at AVLTree.insert(AVLTree.java:51)
	at AVLTree.insert(AVLTree.java:49)
	at AVLTree.insert(AVLTree.java:51)
	at AVLTree.insert(AVLTree.java:49)
	at AVLTree.insert(AVLTree.java:51)
	at AVLTree.insert(AVLTree.java:49)
	at AVLTree.insert(AVLTree.java:51)
	at AVLTree.insert(AVLTree.java:49)
	at AVLTree.insert(AVLTree.java:51)
	at AVLTree.insert(AVLTree.java:49)
	at AVLTree.insert(AVLTree.java:51)
	at AVLTree.insert(AVLTree.java:49)
	at AVLTree.insert(AVLTree.java:51)
	at AVLTree.insert(AVLTree.java:49)
	at AVLTree.insert(AVLTree.java:51)
	at AVLTree.insert(AVLTree.java:49)
	at AVLTree.insert(AVLTree.java:51)
	at AVLTree.insert(AVLTree.java:49)
	at AVLTree.insert(AVLTree.java:51)

test002(MyTest)  Time elapsed: 0.001 sec  <<< ERROR!
java.lang.StackOverflowError
	at AVLTree.delete(AVLTree.java:62)
	at AVLTree.delete(AVLTree.java:62)
	at AVLTree.delete(AVLTree.java:62)
	at AVLTree.delete(AVLTree.java:62)
	at AVLTree.delete(AVLTree.java:62)
	at AVLTree.delete(AVLTree.java:62)
	at AVLTree.delete(AVLTree.java:62)
	at AVLTree.delete(AVLTree.java:62)
	at AVLTree.delete(AVLTree.java:62)
	at AVLTree.delete(AVLTree.java:62)
	at AVLTree.delete(AVLTree.java:62)
	at AVLTree.delete(AVLTree.java:62)
	at AVLTree.delete(AVLTree.java:62)
	at AVLTree.delete(AVLTree.java:62)
	at AVLTree.delete(AVLTree.java:62)
	at AVLTree.delete(AVLTree.java:62)
	at AVLTree.delete(AVLTree.java:62)
	at AVLTree.delete(AVLTree.java:62)
	at AVLTree.delete(AVLTree.java:62)
	at AVLTree.delete(AVLTree.java:62)
	at AVLTree.delete(AVLTree.java:62)
	at AVLTree.delete(AVLTree.java:62)
	at AVLTree.delete(AVLTree.java:62)
	at AVLTree.delete(AVLTree.java:62)
	at AVLTree.delete(AVLTree.java:62)
	at AVLTree.delete(AVLTree.java:62)
	at AVLTree.delete(AVLTree.java:62)
	at AVLTree.delete(AVLTree.java:62)
	at AVLTree.delete(AVLTree.java:62)
	at AVLTree.delete(AVLTree.java:62)
	at AVLTree.delete(AVLTree.java:62)
	at AVLTree.delete(AVLTree.java:62)
	at AVLTree.delete(AVLTree.java:62)
	at AVLTree.delete(AVLTree.java:62)
	at AVLTree.delete(AVLTree.java:62)
	at AVLTree.delete(AVLTree.java:62)
	at AVLTree.delete(AVLTree.java:62)
	at AVLTree.delete(AVLTree.java:62)
	at AVLTree.delete(AVLTree.java:62)
	at AVLTree.delete(AVLTree.java:62)
	at AVLTree.delete(AVLTree.java:62)
	at AVLTree.delete(AVLTree.java:62)
	at AVLTree.delete(AVLTree.java:62)
	at AVLTree.delete(AVLTree.java:62)
	at AVLTree.delete(AVLTree.java:62)
	at AVLTree.delete(AVLTree.java:62)
	at AVLTree.delete(AVLTree.java:62)
	at AVLTree.delete(AVLTree.java:62)
	at AVLTree.delete(AVLTree.java:62)
	at AVLTree.delete(AVLTree.java:62)
	at AVLTree.delete(AVLTree.java:62)
	at AVLTree.delete(AVLTree.java:62)
	at AVLTree.delete(AVLTree.java:62)
	at AVLTree.delete(AVLTree.java:62)
	at AVLTree.delete(AVLTree.java:62)
	at AVLTree.delete(AVLTree.java:62)
	at AVLTree.delete(AVLTree.java:62)
	at AVLTree.delete(AVLTree.java:62)
	at AVLTree.delete(AVLTree.java:62)
	at AVLTree.delete(AVLTree.java:62)
	at AVLTree.delete(AVLTree.java:62)
	at AVLTree.delete(AVLTree.java:62)
	at AVLTree.delete(AVLTree.java:62)
	at AVLTree.delete(AVLTree.java:62)
	at AVLTree.delete(AVLTree.java:62)
	at AVLTree.delete(AVLTree.java:62)
	at AVLTree.delete(AVLTree.java:62)
	at AVLTree.delete(AVLTree.java:62)
	at AVLTree.delete(AVLTree.java:62)
	at AVLTree.delete(AVLTree.java:62)
	at AVLTree.delete(AVLTree.java:62)
	at AVLTree.delete(AVLTree.java:62)
	at AVLTree.delete(AVLTree.java:62)
	at AVLTree.delete(AVLTree.java:62)
	at AVLTree.delete(AVLTree.java:62)
	at AVLTree.delete(AVLTree.java:62)
	at AVLTree.delete(AVLTree.java:62)
	at AVLTree.delete(AVLTree.java:62)
	at AVLTree.delete(AVLTree.java:62)
	at AVLTree.delete(AVLTree.java:62)
	at AVLTree.delete(AVLTree.java:62)
	at AVLTree.delete(AVLTree.java:62)
	at AVLTree.delete(AVLTree.java:62)
	at AVLTree.delete(AVLTree.java:62)
	at AVLTree.delete(AVLTree.java:62)
	at AVLTree.delete(AVLTree.java:62)
	at AVLTree.delete(AVLTree.java:62)
	at AVLTree.delete(AVLTree.java:62)
	at AVLTree.delete(AVLTree.java:62)
	at AVLTree.delete(AVLTree.java:62)
	at AVLTree.delete(AVLTree.java:62)
	at AVLTree.delete(AVLTree.java:62)
	at AVLTree.delete(AVLTree.java:62)
	at AVLTree.delete(AVLTree.java:62)
	at AVLTree.delete(AVLTree.java:62)
	at AVLTree.delete(AVLTree.java:62)
	at AVLTree.delete(AVLTree.java:62)
	at AVLTree.delete(AVLTree.java:62)
	at AVLTree.delete(AVLTree.java:62)
	at AVLTree.delete(AVLTree.java:62)
	at AVLTree.delete(AVLTree.java:62)
	at AVLTree.delete(AVLTree.java:62)
	at AVLTree.delete(AVLTree.java:62)
	at AVLTree.delete(AVLTree.java:62)
	at AVLTree.delete(AVLTree.java:62)
	at AVLTree.delete(AVLTree.java:62)
	at AVLTree.delete(AVLTree.java:62)
	at AVLTree.delete(AVLTree.java:62)
	at AVLTree.delete(AVLTree.java:62)
	at AVLTree.delete(AVLTree.java:62)
	at AVLTree.delete(AVLTree.java:62)
	at AVLTree.delete(AVLTree.java:62)
	at AVLTree.delete(AVLTree.java:62)
	at AVLTree.delete(AVLTree.java:62)
	at AVLTree.delete(AVLTree.java:62)
	at AVLTree.delete(AVLTree.java:62)
	at AVLTree.delete(AVLTree.java:62)
	at AVLTree.delete(AVLTree.java:62)
	at AVLTree.delete(AVLTree.java:62)
	at AVLTree.delete(AVLTree.java:62)
	at AVLTree.delete(AVLTree.java:62)
	at AVLTree.delete(AVLTree.java:62)
	at AVLTree.delete(AVLTree.java:62)
	at AVLTree.delete(AVLTree.java:62)
	at AVLTree.delete(AVLTree.java:62)
	at AVLTree.delete(AVLTree.java:62)
	at AVLTree.delete(AVLTree.java:62)
	at AVLTree.delete(AVLTree.java:62)
	at AVLTree.delete(AVLTree.java:62)
	at AVLTree.delete(AVLTree.java:62)
	at AVLTree.delete(AVLTree.java:62)
	at AVLTree.delete(AVLTree.java:62)
	at AVLTree.delete(AVLTree.java:62)
	at AVLTree.delete(AVLTree.java:62)
	at AVLTree.delete(AVLTree.java:62)
	at AVLTree.delete(AVLTree.java:62)
	at AVLTree.delete(AVLTree.java:62)
	at AVLTree.delete(AVLTree.java:62)
	at AVLTree.delete(AVLTree.java:62)
	at AVLTree.delete(AVLTree.java:62)
	at AVLTree.delete(AVLTree.java:62)
	at AVLTree.delete(AVLTree.java:62)
	at AVLTree.delete(AVLTree.java:62)
	at AVLTree.delete(AVLTree.java:62)
	at AVLTree.delete(AVLTree.java:62)
	at AVLTree.delete(AVLTree.java:62)
	at AVLTree.delete(AVLTree.java:62)
	at AVLTree.delete(AVLTree.java:62)
	at AVLTree.delete(AVLTree.java:62)
	at AVLTree.delete(AVLTree.java:62)
	at AVLTree.delete(AVLTree.java:62)
	at AVLTree.delete(AVLTree.java:62)
	at AVLTree.delete(AVLTree.java:62)
	at AVLTree.delete(AVLTree.java:62)
	at AVLTree.delete(AVLTree.java:62)
	at AVLTree.delete(AVLTree.java:62)
	at AVLTree.delete(AVLTree.java:62)
	at AVLTree.delete(AVLTree.java:62)
	at AVLTree.delete(AVLTree.java:62)
	at AVLTree.delete(AVLTree.java:62)
	at AVLTree.delete(AVLTree.java:62)
	at AVLTree.delete(AVLTree.java:62)
	at AVLTree.delete(AVLTree.java:62)
	at AVLTree.delete(AVLTree.java:62)
	at AVLTree.delete(AVLTree.java:62)
	at AVLTree.delete(AVLTree.java:62)
	at AVLTree.delete(AVLTree.java:62)
	at AVLTree.delete(AVLTree.java:62)
	at AVLTree.delete(AVLTree.java:62)
	at AVLTree.delete(AVLTree.java:62)
	at AVLTree.delete(AVLTree.java:62)
	at AVLTree.delete(AVLTree.java:62)
	at AVLTree.delete(AVLTree.java:62)
	at AVLTree.delete(AVLTree.java:62)
	at AVLTree.delete(AVLTree.java:62)
	at AVLTree.delete(AVLTree.java:62)
	at AVLTree.delete(AVLTree.java:62)
	at AVLTree.delete(AVLTree.java:62)
	at AVLTree.delete(AVLTree.java:62)
	at AVLTree.delete(AVLTree.java:62)
	at AVLTree.delete(AVLTree.java:62)
	at AVLTree.delete(AVLTree.java:62)
	at AVLTree.delete(AVLTree.java:62)
	at AVLTree.delete(AVLTree.java:62)
	at AVLTree.delete(AVLTree.java:62)
	at AVLTree.delete(AVLTree.java:62)
	at AVLTree.delete(AVLTree.java:62)
	at AVLTree.delete(AVLTree.java:62)
	at AVLTree.delete(AVLTree.java:62)
	at AVLTree.delete(AVLTree.java:62)
	at AVLTree.delete(AVLTree.java:62)
	at AVLTree.delete(AVLTree.java:62)
	at AVLTree.delete(AVLTree.java:62)
	at AVLTree.delete(AVLTree.java:62)
	at AVLTree.delete(AVLTree.java:62)
	at AVLTree.delete(AVLTree.java:62)
	at AVLTree.delete(AVLTree.java:62)
	at AVLTree.delete(AVLTree.java:62)
	at AVLTree.delete(AVLTree.java:62)
	at AVLTree.delete(AVLTree.java:62)
	at AVLTree.delete(AVLTree.java:62)
	at AVLTree.delete(AVLTree.java:62)
	at AVLTree.delete(AVLTree.java:62)
	at AVLTree.delete(AVLTree.java:62)
	at AVLTree.delete(AVLTree.java:62)
	at AVLTree.delete(AVLTree.java:62)
	at AVLTree.delete(AVLTree.java:62)
	at AVLTree.delete(AVLTree.java:62)
	at AVLTree.delete(AVLTree.java:62)
	at AVLTree.delete(AVLTree.java:62)
	at AVLTree.delete(AVLTree.java:62)
	at AVLTree.delete(AVLTree.java:62)
	at AVLTree.delete(AVLTree.java:62)
	at AVLTree.delete(AVLTree.java:62)
	at AVLTree.delete(AVLTree.java:62)
	at AVLTree.delete(AVLTree.java:62)
	at AVLTree.delete(AVLTree.java:62)
	at AVLTree.delete(AVLTree.java:62)
	at AVLTree.delete(AVLTree.java:62)
	at AVLTree.delete(AVLTree.java:62)
	at AVLTree.delete(AVLTree.java:62)
	at AVLTree.delete(AVLTree.java:62)
	at AVLTree.delete(AVLTree.java:62)
	at AVLTree.delete(AVLTree.java:62)
	at AVLTree.delete(AVLTree.java:62)
	at AVLTree.delete(AVLTree.java:62)
	at AVLTree.delete(AVLTree.java:62)
	at AVLTree.delete(AVLTree.java:62)
	at AVLTree.delete(AVLTree.java:62)
	at AVLTree.delete(AVLTree.java:62)
	at AVLTree.delete(AVLTree.java:62)
	at AVLTree.delete(AVLTree.java:62)
	at AVLTree.delete(AVLTree.java:62)
	at AVLTree.delete(AVLTree.java:62)
	at AVLTree.delete(AVLTree.java:62)
	at AVLTree.delete(AVLTree.java:62)
	at AVLTree.delete(AVLTree.java:62)
	at AVLTree.delete(AVLTree.java:62)
	at AVLTree.delete(AVLTree.java:62)
	at AVLTree.delete(AVLTree.java:62)
	at AVLTree.delete(AVLTree.java:62)
	at AVLTree.delete(AVLTree.java:62)
	at AVLTree.delete(AVLTree.java:62)
	at AVLTree.delete(AVLTree.java:62)
	at AVLTree.delete(AVLTree.java:62)
	at AVLTree.delete(AVLTree.java:62)
	at AVLTree.delete(AVLTree.java:62)
	at AVLTree.delete(AVLTree.java:62)
	at AVLTree.delete(AVLTree.java:62)
	at AVLTree.delete(AVLTree.java:62)
	at AVLTree.delete(AVLTree.java:62)
	at AVLTree.delete(AVLTree.java:62)
	at AVLTree.delete(AVLTree.java:62)
	at AVLTree.delete(AVLTree.java:62)
	at AVLTree.delete(AVLTree.java:62)
	at AVLTree.delete(AVLTree.java:62)
	at AVLTree.delete(AVLTree.java:62)
	at AVLTree.delete(AVLTree.java:62)
	at AVLTree.delete(AVLTree.java:62)
	at AVLTree.delete(AVLTree.java:62)
	at AVLTree.delete(AVLTree.java:62)
	at AVLTree.delete(AVLTree.java:62)
	at AVLTree.delete(AVLTree.java:62)
	at AVLTree.delete(AVLTree.java:62)
	at AVLTree.delete(AVLTree.java:62)
	at AVLTree.delete(AVLTree.java:62)
	at AVLTree.delete(AVLTree.java:62)
	at AVLTree.delete(AVLTree.java:62)
	at AVLTree.delete(AVLTree.java:62)
	at AVLTree.delete(AVLTree.java:62)
	at AVLTree.delete(AVLTree.java:62)
	at AVLTree.delete(AVLTree.java:62)
	at AVLTree.delete(AVLTree.java:62)
	at AVLTree.delete(AVLTree.java:62)
	at AVLTree.delete(AVLTree.java:62)
	at AVLTree.delete(AVLTree.java:62)
	at AVLTree.delete(AVLTree.java:62)
	at AVLTree.delete(AVLTree.java:62)
	at AVLTree.delete(AVLTree.java:62)
	at AVLTree.delete(AVLTree.java:62)
	at AVLTree.delete(AVLTree.java:62)
	at AVLTree.delete(AVLTree.java:62)
	at AVLTree.delete(AVLTree.java:62)
	at AVLTree.delete(AVLTree.java:62)
	at AVLTree.delete(AVLTree.java:62)
	at AVLTree.delete(AVLTree.java:62)
	at AVLTree.delete(AVLTree.java:62)
	at AVLTree.delete(AVLTree.java:62)
	at AVLTree.delete(AVLTree.java:62)
	at AVLTree.delete(AVLTree.java:62)
	at AVLTree.delete(AVLTree.java:62)
	at AVLTree.delete(AVLTree.java:62)
	at AVLTree.delete(AVLTree.java:62)
	at AVLTree.delete(AVLTree.java:62)
	at AVLTree.delete(AVLTree.java:62)
	at AVLTree.delete(AVLTree.java:62)
	at AVLTree.delete(AVLTree.java:62)
	at AVLTree.delete(AVLTree.java:62)
	at AVLTree.delete(AVLTree.java:62)
	at AVLTree.delete(AVLTree.java:62)
	at AVLTree.delete(AVLTree.java:62)
	at AVLTree.delete(AVLTree.java:62)
	at AVLTree.delete(AVLTree.java:62)
	at AVLTree.delete(AVLTree.java:62)
	at AVLTree.delete(AVLTree.java:62)
	at AVLTree.delete(AVLTree.java:62)
	at AVLTree.delete(AVLTree.java:62)
	at AVLTree.delete(AVLTree.java:62)
	at AVLTree.delete(AVLTree.java:62)
	at AVLTree.delete(AVLTree.java:62)
	at AVLTree.delete(AVLTree.java:62)
	at AVLTree.delete(AVLTree.java:62)
	at AVLTree.delete(AVLTree.java:62)
	at AVLTree.delete(AVLTree.java:62)
	at AVLTree.delete(AVLTree.java:62)
	at AVLTree.delete(AVLTree.java:62)
	at AVLTree.delete(AVLTree.java:62)
	at AVLTree.delete(AVLTree.java:62)
	at AVLTree.delete(AVLTree.java:62)
	at AVLTree.delete(AVLTree.java:62)
	at AVLTree.delete(AVLTree.java:62)
	at AVLTree.delete(AVLTree.java:62)
	at AVLTree.delete(AVLTree.java:62)
	at AVLTree.delete(AVLTree.java:62)
	at AVLTree.delete(AVLTree.java:62)
	at AVLTree.delete(AVLTree.java:62)
	at AVLTree.delete(AVLTree.java:62)
	at AVLTree.delete(AVLTree.java:62)
	at AVLTree.delete(AVLTree.java:62)
	at AVLTree.delete(AVLTree.java:62)
	at AVLTree.delete(AVLTree.java:62)
	at AVLTree.delete(AVLTree.java:62)
	at AVLTree.delete(AVLTree.java:62)
	at AVLTree.delete(AVLTree.java:62)
	at AVLTree.delete(AVLTree.java:62)
	at AVLTree.delete(AVLTree.java:62)
	at AVLTree.delete(AVLTree.java:62)
	at AVLTree.delete(AVLTree.java:62)
	at AVLTree.delete(AVLTree.java:62)
	at AVLTree.delete(AVLTree.java:62)
	at AVLTree.delete(AVLTree.java:62)
	at AVLTree.delete(AVLTree.java:62)
	at AVLTree.delete(AVLTree.java:62)
	at AVLTree.delete(AVLTree.java:62)
	at AVLTree.delete(AVLTree.java:62)
	at AVLTree.delete(AVLTree.java:62)
	at AVLTree.delete(AVLTree.java:62)
	at AVLTree.delete(AVLTree.java:62)
	at AVLTree.delete(AVLTree.java:62)
	at AVLTree.delete(AVLTree.java:62)
	at AVLTree.delete(AVLTree.java:62)
	at AVLTree.delete(AVLTree.java:62)
	at AVLTree.delete(AVLTree.java:62)
	at AVLTree.delete(AVLTree.java:62)
	at AVLTree.delete(AVLTree.java:62)
	at AVLTree.delete(AVLTree.java:62)
	at AVLTree.delete(AVLTree.java:62)
	at AVLTree.delete(AVLTree.java:62)
	at AVLTree.delete(AVLTree.java:62)
	at AVLTree.delete(AVLTree.java:62)
	at AVLTree.delete(AVLTree.java:62)
	at AVLTree.delete(AVLTree.java:62)
	at AVLTree.delete(AVLTree.java:62)
	at AVLTree.delete(AVLTree.java:62)
	at AVLTree.delete(AVLTree.java:62)
	at AVLTree.delete(AVLTree.java:62)
	at AVLTree.delete(AVLTree.java:62)
	at AVLTree.delete(AVLTree.java:62)
	at AVLTree.delete(AVLTree.java:62)
	at AVLTree.delete(AVLTree.java:62)
	at AVLTree.delete(AVLTree.java:62)
	at AVLTree.delete(AVLTree.java:62)
	at AVLTree.delete(AVLTree.java:62)
	at AVLTree.delete(AVLTree.java:62)
	at AVLTree.delete(AVLTree.java:62)
	at AVLTree.delete(AVLTree.java:62)
	at AVLTree.delete(AVLTree.java:62)
	at AVLTree.delete(AVLTree.java:62)
	at AVLTree.delete(AVLTree.java:62)
	at AVLTree.delete(AVLTree.java:62)
	at AVLTree.delete(AVLTree.java:62)
	at AVLTree.delete(AVLTree.java:62)
	at AVLTree.delete(AVLTree.java:62)
	at AVLTree.delete(AVLTree.java:62)
	at AVLTree.delete(AVLTree.java:62)
	at AVLTree.delete(AVLTree.java:62)
	at AVLTree.delete(AVLTree.java:62)
	at AVLTree.delete(AVLTree.java:62)
	at AVLTree.delete(AVLTree.java:62)
	at AVLTree.delete(AVLTree.java:62)
	at AVLTree.delete(AVLTree.java:62)
	at AVLTree.delete(AVLTree.java:62)
	at AVLTree.delete(AVLTree.java:62)
	at AVLTree.delete(AVLTree.java:62)
	at AVLTree.delete(AVLTree.java:62)
	at AVLTree.delete(AVLTree.java:62)
	at AVLTree.delete(AVLTree.java:62)
	at AVLTree.delete(AVLTree.java:62)
	at AVLTree.delete(AVLTree.java:62)
	at AVLTree.delete(AVLTree.java:62)
	at AVLTree.delete(AVLTree.java:62)
	at AVLTree.delete(AVLTree.java:62)
	at AVLTree.delete(AVLTree.java:62)
	at AVLTree.delete(AVLTree.java:62)
	at AVLTree.delete(AVLTree.java:62)
	at AVLTree.delete(AVLTree.java:62)
	at AVLTree.delete(AVLTree.java:62)
	at AVLTree.delete(AVLTree.java:62)
	at AVLTree.delete(AVLTree.java:62)
	at AVLTree.delete(AVLTree.java:62)
	at AVLTree.delete(AVLTree.java:62)
	at AVLTree.delete(AVLTree.java:62)
	at AVLTree.delete(AVLTree.java:62)
	at AVLTree.delete(AVLTree.java:62)
	at AVLTree.delete(AVLTree.java:62)
	at AVLTree.delete(AVLTree.java:62)
	at AVLTree.delete(AVLTree.java:62)
	at AVLTree.delete(AVLTree.java:62)
	at AVLTree.delete(AVLTree.java:62)
	at AVLTree.delete(AVLTree.java:62)
	at AVLTree.delete(AVLTree.java:62)
	at AVLTree.delete(AVLTree.java:62)
	at AVLTree.delete(AVLTree.java:62)
	at AVLTree.delete(AVLTree.java:62)
	at AVLTree.delete(AVLTree.java:62)
	at AVLTree.delete(AVLTree.java:62)
	at AVLTree.delete(AVLTree.java:62)
	at AVLTree.delete(AVLTree.java:62)
	at AVLTree.delete(AVLTree.java:62)
	at AVLTree.delete(AVLTree.java:62)
	at AVLTree.delete(AVLTree.java:62)
	at AVLTree.delete(AVLTree.java:62)
	at AVLTree.delete(AVLTree.java:62)
	at AVLTree.delete(AVLTree.java:62)
	at AVLTree.delete(AVLTree.java:62)
	at AVLTree.delete(AVLTree.java:62)
	at AVLTree.delete(AVLTree.java:62)
	at AVLTree.delete(AVLTree.java:62)
	at AVLTree.delete(AVLTree.java:62)
	at AVLTree.delete(AVLTree.java:62)
	at AVLTree.delete(AVLTree.java:62)
	at AVLTree.delete(AVLTree.java:62)
	at AVLTree.delete(AVLTree.java:62)
	at AVLTree.delete(AVLTree.java:62)
	at AVLTree.delete(AVLTree.java:62)
	at AVLTree.delete(AVLTree.java:62)
	at AVLTree.delete(AVLTree.java:62)
	at AVLTree.delete(AVLTree.java:62)
	at AVLTree.delete(AVLTree.java:62)
	at AVLTree.delete(AVLTree.java:62)
	at AVLTree.delete(AVLTree.java:62)
	at AVLTree.delete(AVLTree.java:62)
	at AVLTree.delete(AVLTree.java:62)
	at AVLTree.delete(AVLTree.java:62)
	at AVLTree.delete(AVLTree.java:62)
	at AVLTree.delete(AVLTree.java:62)
	at AVLTree.delete(AVLTree.java:62)
	at AVLTree.delete(AVLTree.java:62)
	at AVLTree.delete(AVLTree.java:62)
	at AVLTree.delete(AVLTree.java:62)
	at AVLTree.delete(AVLTree.java:62)
	at AVLTree.delete(AVLTree.java:62)
	at AVLTree.delete(AVLTree.java:62)
	at AVLTree.delete(AVLTree.java:62)
	at AVLTree.delete(AVLTree.java:62)
	at AVLTree.delete(AVLTree.java:62)
	at AVLTree.delete(AVLTree.java:62)
	at AVLTree.delete(AVLTree.java:62)
	at AVLTree.delete(AVLTree.java:62)
	at AVLTree.delete(AVLTree.java:62)
	at AVLTree.delete(AVLTree.java:62)
	at AVLTree.delete(AVLTree.java:62)
	at AVLTree.delete(AVLTree.java:62)
	at AVLTree.delete(AVLTree.java:62)
	at AVLTree.delete(AVLTree.java:62)
	at AVLTree.delete(AVLTree.java:62)
	at AVLTree.delete(AVLTree.java:62)
	at AVLTree.delete(AVLTree.java:62)
	at AVLTree.delete(AVLTree.java:62)
	at AVLTree.delete(AVLTree.java:62)
	at AVLTree.delete(AVLTree.java:62)
	at AVLTree.delete(AVLTree.java:62)
	at AVLTree.delete(AVLTree.java:62)
	at AVLTree.delete(AVLTree.java:62)
	at AVLTree.delete(AVLTree.java:62)
	at AVLTree.delete(AVLTree.java:62)
	at AVLTree.delete(AVLTree.java:62)
	at AVLTree.delete(AVLTree.java:62)
	at AVLTree.delete(AVLTree.java:62)
	at AVLTree.delete(AVLTree.java:62)
	at AVLTree.delete(AVLTree.java:62)
	at AVLTree.delete(AVLTree.java:62)
	at AVLTree.delete(AVLTree.java:62)
	at AVLTree.delete(AVLTree.java:62)
	at AVLTree.delete(AVLTree.java:62)
	at AVLTree.delete(AVLTree.java:62)
	at AVLTree.delete(AVLTree.java:62)
	at AVLTree.delete(AVLTree.java:62)
	at AVLTree.delete(AVLTree.java:62)
	at AVLTree.delete(AVLTree.java:62)
	at AVLTree.delete(AVLTree.java:62)
	at AVLTree.delete(AVLTree.java:62)
	at AVLTree.delete(AVLTree.java:62)
	at AVLTree.delete(AVLTree.java:62)
	at AVLTree.delete(AVLTree.java:62)
	at AVLTree.delete(AVLTree.java:62)
	at AVLTree.delete(AVLTree.java:62)
	at AVLTree.delete(AVLTree.java:62)
	at AVLTree.delete(AVLTree.java:62)
	at AVLTree.delete(AVLTree.java:62)
	at AVLTree.delete(AVLTree.java:62)
	at AVLTree.delete(AVLTree.java:62)
	at AVLTree.delete(AVLTree.java:62)
	at AVLTree.delete(AVLTree.java:62)
	at AVLTree.delete(AVLTree.java:62)
	at AVLTree.delete(AVLTree.java:62)
	at AVLTree.delete(AVLTree.java:62)
	at AVLTree.delete(AVLTree.java:62)
	at AVLTree.delete(AVLTree.java:62)
	at AVLTree.delete(AVLTree.java:62)
	at AVLTree.delete(AVLTree.java:62)
	at AVLTree.delete(AVLTree.java:62)
	at AVLTree.delete(AVLTree.java:62)
	at AVLTree.delete(AVLTree.java:62)
	at AVLTree.delete(AVLTree.java:62)
	at AVLTree.delete(AVLTree.java:62)
	at AVLTree.delete(AVLTree.java:62)
	at AVLTree.delete(AVLTree.java:62)
	at AVLTree.delete(AVLTree.java:62)
	at AVLTree.delete(AVLTree.java:62)
	at AVLTree.delete(AVLTree.java:62)
	at AVLTree.delete(AVLTree.java:62)
	at AVLTree.delete(AVLTree.java:62)
	at AVLTree.delete(AVLTree.java:62)
	at AVLTree.delete(AVLTree.java:62)
	at AVLTree.delete(AVLTree.java:62)
	at AVLTree.delete(AVLTree.java:62)
	at AVLTree.delete(AVLTree.java:62)
	at AVLTree.delete(AVLTree.java:62)
	at AVLTree.delete(AVLTree.java:62)
	at AVLTree.delete(AVLTree.java:62)
	at AVLTree.delete(AVLTree.java:62)
	at AVLTree.delete(AVLTree.java:62)
	at AVLTree.delete(AVLTree.java:62)
	at AVLTree.delete(AVLTree.java:62)
	at AVLTree.delete(AVLTree.java:62)
	at AVLTree.delete(AVLTree.java:62)
	at AVLTree.delete(AVLTree.java:62)
	at AVLTree.delete(AVLTree.java:62)
	at AVLTree.delete(AVLTree.java:62)
	at AVLTree.delete(AVLTree.java:62)
	at AVLTree.delete(AVLTree.java:62)
	at AVLTree.delete(AVLTree.java:62)
	at AVLTree.delete(AVLTree.java:62)
	at AVLTree.delete(AVLTree.java:62)
	at AVLTree.delete(AVLTree.java:62)
	at AVLTree.delete(AVLTree.java:62)
	at AVLTree.delete(AVLTree.java:62)
	at AVLTree.delete(AVLTree.java:62)
	at AVLTree.delete(AVLTree.java:62)
	at AVLTree.delete(AVLTree.java:62)
	at AVLTree.delete(AVLTree.java:62)
	at AVLTree.delete(AVLTree.java:62)
	at AVLTree.delete(AVLTree.java:62)
	at AVLTree.delete(AVLTree.java:62)
	at AVLTree.delete(AVLTree.java:62)
	at AVLTree.delete(AVLTree.java:62)
	at AVLTree.delete(AVLTree.java:62)
	at AVLTree.delete(AVLTree.java:62)
	at AVLTree.delete(AVLTree.java:62)
	at AVLTree.delete(AVLTree.java:62)
	at AVLTree.delete(AVLTree.java:62)
	at AVLTree.delete(AVLTree.java:62)
	at AVLTree.delete(AVLTree.java:62)
	at AVLTree.delete(AVLTree.java:62)
	at AVLTree.delete(AVLTree.java:62)
	at AVLTree.delete(AVLTree.java:62)
	at AVLTree.delete(AVLTree.java:62)
	at AVLTree.delete(AVLTree.java:62)
	at AVLTree.delete(AVLTree.java:62)
	at AVLTree.delete(AVLTree.java:62)
	at AVLTree.delete(AVLTree.java:62)
	at AVLTree.delete(AVLTree.java:62)
	at AVLTree.delete(AVLTree.java:62)
	at AVLTree.delete(AVLTree.java:62)
	at AVLTree.delete(AVLTree.java:62)
	at AVLTree.delete(AVLTree.java:62)
	at AVLTree.delete(AVLTree.java:62)
	at AVLTree.delete(AVLTree.java:62)
	at AVLTree.delete(AVLTree.java:62)
	at AVLTree.delete(AVLTree.java:62)
	at AVLTree.delete(AVLTree.java:62)
	at AVLTree.delete(AVLTree.java:62)
	at AVLTree.delete(AVLTree.java:62)
	at AVLTree.delete(AVLTree.java:62)
	at AVLTree.delete(AVLTree.java:62)
	at AVLTree.delete(AVLTree.java:62)
	at AVLTree.delete(AVLTree.java:62)
	at AVLTree.delete(AVLTree.java:62)
	at AVLTree.delete(AVLTree.java:62)
	at AVLTree.delete(AVLTree.java:62)
	at AVLTree.delete(AVLTree.java:62)
	at AVLTree.delete(AVLTree.java:62)
	at AVLTree.delete(AVLTree.java:62)
	at AVLTree.delete(AVLTree.java:62)
	at AVLTree.delete(AVLTree.java:62)
	at AVLTree.delete(AVLTree.java:62)
	at AVLTree.delete(AVLTree.java:62)
	at AVLTree.delete(AVLTree.java:62)
	at AVLTree.delete(AVLTree.java:62)
	at AVLTree.delete(AVLTree.java:62)
	at AVLTree.delete(AVLTree.java:62)
	at AVLTree.delete(AVLTree.java:62)
	at AVLTree.delete(AVLTree.java:62)
	at AVLTree.delete(AVLTree.java:62)
	at AVLTree.delete(AVLTree.java:62)
	at AVLTree.delete(AVLTree.java:62)
	at AVLTree.delete(AVLTree.java:62)
	at AVLTree.delete(AVLTree.java:62)
	at AVLTree.delete(AVLTree.java:62)
	at AVLTree.delete(AVLTree.java:62)
	at AVLTree.delete(AVLTree.java:62)
	at AVLTree.delete(AVLTree.java:62)
	at AVLTree.delete(AVLTree.java:62)
	at AVLTree.delete(AVLTree.java:62)
	at AVLTree.delete(AVLTree.java:62)
	at AVLTree.delete(AVLTree.java:62)
	at AVLTree.delete(AVLTree.java:62)
	at AVLTree.delete(AVLTree.java:62)
	at AVLTree.delete(AVLTree.java:62)
	at AVLTree.delete(AVLTree.java:62)
	at AVLTree.delete(AVLTree.java:62)
	at AVLTree.delete(AVLTree.java:62)
	at AVLTree.delete(AVLTree.java:62)
	at AVLTree.delete(AVLTree.java:62)
	at AVLTree.delete(AVLTree.java:62)
	at AVLTree.delete(AVLTree.java:62)
	at AVLTree.delete(AVLTree.java:62)
	at AVLTree.delete(AVLTree.java:62)
	at AVLTree.delete(AVLTree.java:62)
	at AVLTree.delete(AVLTree.java:62)
	at AVLTree.delete(AVLTree.java:62)
	at AVLTree.delete(AVLTree.java:62)
	at AVLTree.delete(AVLTree.java:62)
	at AVLTree.delete(AVLTree.java:62)
	at AVLTree.delete(AVLTree.java:62)
	at AVLTree.delete(AVLTree.java:62)
	at AVLTree.delete(AVLTree.java:62)
	at AVLTree.delete(AVLTree.java:62)
	at AVLTree.delete(AVLTree.java:62)
	at AVLTree.delete(AVLTree.java:62)
	at AVLTree.delete(AVLTree.java:62)
	at AVLTree.delete(AVLTree.java:62)
	at AVLTree.delete(AVLTree.java:62)
	at AVLTree.delete(AVLTree.java:62)
	at AVLTree.delete(AVLTree.java:62)
	at AVLTree.delete(AVLTree.java:62)
	at AVLTree.delete(AVLTree.java:62)
	at AVLTree.delete(AVLTree.java:62)
	at AVLTree.delete(AVLTree.java:62)
	at AVLTree.delete(AVLTree.java:62)
	at AVLTree.delete(AVLTree.java:62)
	at AVLTree.delete(AVLTree.java:62)
	at AVLTree.delete(AVLTree.java:62)
	at AVLTree.delete(AVLTree.java:62)
	at AVLTree.delete(AVLTree.java:62)
	at AVLTree.delete(AVLTree.java:62)
	at AVLTree.delete(AVLTree.java:62)
	at AVLTree.delete(AVLTree.java:62)
	at AVLTree.delete(AVLTree.java:62)
	at AVLTree.delete(AVLTree.java:62)
	at AVLTree.delete(AVLTree.java:62)
	at AVLTree.delete(AVLTree.java:62)
	at AVLTree.delete(AVLTree.java:62)
	at AVLTree.delete(AVLTree.java:62)
	at AVLTree.delete(AVLTree.java:62)
	at AVLTree.delete(AVLTree.java:62)
	at AVLTree.delete(AVLTree.java:62)
	at AVLTree.delete(AVLTree.java:62)
	at AVLTree.delete(AVLTree.java:62)
	at AVLTree.delete(AVLTree.java:62)
	at AVLTree.delete(AVLTree.java:62)
	at AVLTree.delete(AVLTree.java:62)
	at AVLTree.delete(AVLTree.java:62)
	at AVLTree.delete(AVLTree.java:62)
	at AVLTree.delete(AVLTree.java:62)
	at AVLTree.delete(AVLTree.java:62)
	at AVLTree.delete(AVLTree.java:62)
	at AVLTree.delete(AVLTree.java:62)
	at AVLTree.delete(AVLTree.java:62)
	at AVLTree.delete(AVLTree.java:62)
	at AVLTree.delete(AVLTree.java:62)
	at AVLTree.delete(AVLTree.java:62)
	at AVLTree.delete(AVLTree.java:62)
	at AVLTree.delete(AVLTree.java:62)
	at AVLTree.delete(AVLTree.java:62)
	at AVLTree.delete(AVLTree.java:62)
	at AVLTree.delete(AVLTree.java:62)
	at AVLTree.delete(AVLTree.java:62)
	at AVLTree.delete(AVLTree.java:62)
	at AVLTree.delete(AVLTree.java:62)
	at AVLTree.delete(AVLTree.java:62)
	at AVLTree.delete(AVLTree.java:62)
	at AVLTree.delete(AVLTree.java:62)
	at AVLTree.delete(AVLTree.java:62)
	at AVLTree.delete(AVLTree.java:62)
	at AVLTree.delete(AVLTree.java:62)
	at AVLTree.delete(AVLTree.java:62)
	at AVLTree.delete(AVLTree.java:62)
	at AVLTree.delete(AVLTree.java:62)
	at AVLTree.delete(AVLTree.java:62)
	at AVLTree.delete(AVLTree.java:62)
	at AVLTree.delete(AVLTree.java:62)
	at AVLTree.delete(AVLTree.java:62)
	at AVLTree.delete(AVLTree.java:62)
	at AVLTree.delete(AVLTree.java:62)
	at AVLTree.delete(AVLTree.java:62)
	at AVLTree.delete(AVLTree.java:62)
	at AVLTree.delete(AVLTree.java:62)
	at AVLTree.delete(AVLTree.java:62)
	at AVLTree.delete(AVLTree.java:62)
	at AVLTree.delete(AVLTree.java:62)
	at AVLTree.delete(AVLTree.java:62)
	at AVLTree.delete(AVLTree.java:62)
	at AVLTree.delete(AVLTree.java:62)
	at AVLTree.delete(AVLTree.java:62)
	at AVLTree.delete(AVLTree.java:62)
	at AVLTree.delete(AVLTree.java:62)
	at AVLTree.delete(AVLTree.java:62)
	at AVLTree.delete(AVLTree.java:62)
	at AVLTree.delete(AVLTree.java:62)
	at AVLTree.delete(AVLTree.java:62)
	at AVLTree.delete(AVLTree.java:62)
	at AVLTree.delete(AVLTree.java:62)
	at AVLTree.delete(AVLTree.java:62)
	at AVLTree.delete(AVLTree.java:62)
	at AVLTree.delete(AVLTree.java:62)
	at AVLTree.delete(AVLTree.java:62)
	at AVLTree.delete(AVLTree.java:62)
	at AVLTree.delete(AVLTree.java:62)
	at AVLTree.delete(AVLTree.java:62)
	at AVLTree.delete(AVLTree.java:62)
	at AVLTree.delete(AVLTree.java:62)
	at AVLTree.delete(AVLTree.java:62)
	at AVLTree.delete(AVLTree.java:62)
	at AVLTree.delete(AVLTree.java:62)
	at AVLTree.delete(AVLTree.java:62)
	at AVLTree.delete(AVLTree.java:62)
	at AVLTree.delete(AVLTree.java:62)
	at AVLTree.delete(AVLTree.java:62)
	at AVLTree.delete(AVLTree.java:62)
	at AVLTree.delete(AVLTree.java:62)
	at AVLTree.delete(AVLTree.java:62)
	at AVLTree.delete(AVLTree.java:62)
	at AVLTree.delete(AVLTree.java:62)
	at AVLTree.delete(AVLTree.java:62)
	at AVLTree.delete(AVLTree.java:62)
	at AVLTree.delete(AVLTree.java:62)
	at AVLTree.delete(AVLTree.java:62)
	at AVLTree.delete(AVLTree.java:62)
	at AVLTree.delete(AVLTree.java:62)
	at AVLTree.delete(AVLTree.java:62)
	at AVLTree.delete(AVLTree.java:62)
	at AVLTree.delete(AVLTree.java:62)
	at AVLTree.delete(AVLTree.java:62)
	at AVLTree.delete(AVLTree.java:62)
	at AVLTree.delete(AVLTree.java:62)
	at AVLTree.delete(AVLTree.java:62)
	at AVLTree.delete(AVLTree.java:62)
	at AVLTree.delete(AVLTree.java:62)
	at AVLTree.delete(AVLTree.java:62)
	at AVLTree.delete(AVLTree.java:62)
	at AVLTree.delete(AVLTree.java:62)
	at AVLTree.delete(AVLTree.java:62)
	at AVLTree.delete(AVLTree.java:62)
	at AVLTree.delete(AVLTree.java:62)
	at AVLTree.delete(AVLTree.java:62)
	at AVLTree.delete(AVLTree.java:62)
	at AVLTree.delete(AVLTree.java:62)
	at AVLTree.delete(AVLTree.java:62)
	at AVLTree.delete(AVLTree.java:62)
	at AVLTree.delete(AVLTree.java:62)
	at AVLTree.delete(AVLTree.java:62)
	at AVLTree.delete(AVLTree.java:62)
	at AVLTree.delete(AVLTree.java:62)
	at AVLTree.delete(AVLTree.java:62)
	at AVLTree.delete(AVLTree.java:62)
	at AVLTree.delete(AVLTree.java:62)
	at AVLTree.delete(AVLTree.java:62)
	at AVLTree.delete(AVLTree.java:62)
	at AVLTree.delete(AVLTree.java:62)
	at AVLTree.delete(AVLTree.java:62)
	at AVLTree.delete(AVLTree.java:62)
	at AVLTree.delete(AVLTree.java:62)
	at AVLTree.delete(AVLTree.java:62)
	at AVLTree.delete(AVLTree.java:62)
	at AVLTree.delete(AVLTree.java:62)
	at AVLTree.delete(AVLTree.java:62)
	at AVLTree.delete(AVLTree.java:62)
	at AVLTree.delete(AVLTree.java:62)
	at AVLTree.delete(AVLTree.java:62)
	at AVLTree.delete(AVLTree.java:62)
	at AVLTree.delete(AVLTree.java:62)
	at AVLTree.delete(AVLTree.java:62)
	at AVLTree.delete(AVLTree.java:62)
	at AVLTree.delete(AVLTree.java:62)
	at AVLTree.delete(AVLTree.java:62)
	at AVLTree.delete(AVLTree.java:62)
	at AVLTree.delete(AVLTree.java:62)
	at AVLTree.delete(AVLTree.java:62)
	at AVLTree.delete(AVLTree.java:62)
	at AVLTree.delete(AVLTree.java:62)
	at AVLTree.delete(AVLTree.java:62)
	at AVLTree.delete(AVLTree.java:62)
	at AVLTree.delete(AVLTree.java:62)
	at AVLTree.delete(AVLTree.java:62)
	at AVLTree.delete(AVLTree.java:62)
	at AVLTree.delete(AVLTree.java:62)
	at AVLTree.delete(AVLTree.java:62)
	at AVLTree.delete(AVLTree.java:62)
	at AVLTree.delete(AVLTree.java:62)
	at AVLTree.delete(AVLTree.java:62)
	at AVLTree.delete(AVLTree.java:62)
	at AVLTree.delete(AVLTree.java:62)
	at AVLTree.delete(AVLTree.java:62)
	at AVLTree.delete(AVLTree.java:62)
	at AVLTree.delete(AVLTree.java:62)
	at AVLTree.delete(AVLTree.java:62)
	at AVLTree.delete(AVLTree.java:62)
	at AVLTree.delete(AVLTree.java:62)
	at AVLTree.delete(AVLTree.java:62)
	at AVLTree.delete(AVLTree.java:62)
	at AVLTree.delete(AVLTree.java:62)
	at AVLTree.delete(AVLTree.java:62)
	at AVLTree.delete(AVLTree.java:62)
	at AVLTree.delete(AVLTree.java:62)
	at AVLTree.delete(AVLTree.java:62)
	at AVLTree.delete(AVLTree.java:62)
	at AVLTree.delete(AVLTree.java:62)
	at AVLTree.delete(AVLTree.java:62)
	at AVLTree.delete(AVLTree.java:62)
	at AVLTree.delete(AVLTree.java:62)
	at AVLTree.delete(AVLTree.java:62)
	at AVLTree.delete(AVLTree.java:62)
	at AVLTree.delete(AVLTree.java:62)
	at AVLTree.delete(AVLTree.java:62)
	at AVLTree.delete(AVLTree.java:62)
	at AVLTree.delete(AVLTree.java:62)
	at AVLTree.delete(AVLTree.java:62)
	at AVLTree.delete(AVLTree.java:62)
	at AVLTree.delete(AVLTree.java:62)
	at AVLTree.delete(AVLTree.java:62)
	at AVLTree.delete(AVLTree.java:62)
	at AVLTree.delete(AVLTree.java:62)
	at AVLTree.delete(AVLTree.java:62)
	at AVLTree.delete(AVLTree.java:62)
	at AVLTree.delete(AVLTree.java:62)
	at AVLTree.delete(AVLTree.java:62)
	at AVLTree.delete(AVLTree.java:62)
	at AVLTree.delete(AVLTree.java:62)
	at AVLTree.delete(AVLTree.java:62)
	at AVLTree.delete(AVLTree.java:62)
	at AVLTree.delete(AVLTree.java:62)
	at AVLTree.delete(AVLTree.java:62)
	at AVLTree.delete(AVLTree.java:62)
	at AVLTree.delete(AVLTree.java:62)
	at AVLTree.delete(AVLTree.java:62)
	at AVLTree.delete(AVLTree.java:62)
	at AVLTree.delete(AVLTree.java:62)
	at AVLTree.delete(AVLTree.java:62)
	at AVLTree.delete(AVLTree.java:62)
	at AVLTree.delete(AVLTree.java:62)
	at AVLTree.delete(AVLTree.java:62)
	at AVLTree.delete(AVLTree.java:62)
	at AVLTree.delete(AVLTree.java:62)
	at AVLTree.delete(AVLTree.java:62)
	at AVLTree.delete(AVLTree.java:62)
	at AVLTree.delete(AVLTree.java:62)
	at AVLTree.delete(AVLTree.java:62)
	at AVLTree.delete(AVLTree.java:62)
	at AVLTree.delete(AVLTree.java:62)
	at AVLTree.delete(AVLTree.java:62)
	at AVLTree.delete(AVLTree.java:62)
	at AVLTree.delete(AVLTree.java:62)
	at AVLTree.delete(AVLTree.java:62)
	at AVLTree.delete(AVLTree.java:62)
	at AVLTree.delete(AVLTree.java:62)
	at AVLTree.delete(AVLTree.java:62)
	at AVLTree.delete(AVLTree.java:62)
	at AVLTree.delete(AVLTree.java:62)
	at AVLTree.delete(AVLTree.java:62)
	at AVLTree.delete(AVLTree.java:62)
	at AVLTree.delete(AVLTree.java:62)
	at AVLTree.delete(AVLTree.java:62)
	at AVLTree.delete(AVLTree.java:62)
	at AVLTree.delete(AVLTree.java:62)
	at AVLTree.delete(AVLTree.java:62)
	at AVLTree.delete(AVLTree.java:62)
	at AVLTree.delete(AVLTree.java:62)
	at AVLTree.delete(AVLTree.java:62)
	at AVLTree.delete(AVLTree.java:62)
	at AVLTree.delete(AVLTree.java:62)
	at AVLTree.delete(AVLTree.java:62)
	at AVLTree.delete(AVLTree.java:62)
	at AVLTree.delete(AVLTree.java:62)
	at AVLTree.delete(AVLTree.java:62)
	at AVLTree.delete(AVLTree.java:62)
	at AVLTree.delete(AVLTree.java:62)
	at AVLTree.delete(AVLTree.java:62)
	at AVLTree.delete(AVLTree.java:62)
	at AVLTree.delete(AVLTree.java:62)
	at AVLTree.delete(AVLTree.java:62)
	at AVLTree.delete(AVLTree.java:62)
	at AVLTree.delete(AVLTree.java:62)
	at AVLTree.delete(AVLTree.java:62)
	at AVLTree.delete(AVLTree.java:62)
	at AVLTree.delete(AVLTree.java:62)
	at AVLTree.delete(AVLTree.java:62)
	at AVLTree.delete(AVLTree.java:62)
	at AVLTree.delete(AVLTree.java:62)
	at AVLTree.delete(AVLTree.java:62)
	at AVLTree.delete(AVLTree.java:62)
	at AVLTree.delete(AVLTree.java:62)
	at AVLTree.delete(AVLTree.java:62)
	at AVLTree.delete(AVLTree.java:62)
	at AVLTree.delete(AVLTree.java:62)
	at AVLTree.delete(AVLTree.java:62)
	at AVLTree.delete(AVLTree.java:62)
	at AVLTree.delete(AVLTree.java:62)
	at AVLTree.delete(AVLTree.java:62)
	at AVLTree.delete(AVLTree.java:62)
	at AVLTree.delete(AVLTree.java:62)
	at AVLTree.delete(AVLTree.java:62)
	at AVLTree.delete(AVLTree.java:62)
	at AVLTree.delete(AVLTree.java:62)
	at AVLTree.delete(AVLTree.java:62)
	at AVLTree.delete(AVLTree.java:62)
	at AVLTree.delete(AVLTree.java:62)
	at AVLTree.delete(AVLTree.java:62)
	at AVLTree.delete(AVLTree.java:62)
	at AVLTree.delete(AVLTree.java:62)
	at AVLTree.delete(AVLTree.java:62)
	at AVLTree.delete(AVLTree.java:62)
	at AVLTree.delete(AVLTree.java:62)
	at AVLTree.delete(AVLTree.java:62)
	at AVLTree.delete(AVLTree.java:62)
	at AVLTree.delete(AVLTree.java:62)
	at AVLTree.delete(AVLTree.java:62)
	at AVLTree.delete(AVLTree.java:62)
	at AVLTree.delete(AVLTree.java:62)
	at AVLTree.delete(AVLTree.java:62)
	at AVLTree.delete(AVLTree.java:62)
	at AVLTree.delete(AVLTree.java:62)
	at AVLTree.delete(AVLTree.java:62)
	at AVLTree.delete(AVLTree.java:62)
	at AVLTree.delete(AVLTree.java:62)
	at AVLTree.delete(AVLTree.java:62)
	at AVLTree.delete(AVLTree.java:62)
	at AVLTree.delete(AVLTree.java:62)
	at AVLTree.delete(AVLTree.java:62)
	at AVLTree.delete(AVLTree.java:62)
	at AVLTree.delete(AVLTree.java:62)
	at AVLTree.delete(AVLTree.java:62)
	at AVLTree.delete(AVLTree.java:62)
	at AVLTree.delete(AVLTree.java:62)
	at AVLTree.delete(AVLTree.java:62)
	at AVLTree.delete(AVLTree.java:62)
	at AVLTree.delete(AVLTree.java:62)
	at AVLTree.delete(AVLTree.java:62)
	at AVLTree.delete(AVLTree.java:62)
	at AVLTree.delete(AVLTree.java:62)
	at AVLTree.delete(AVLTree.java:62)
	at AVLTree.delete(AVLTree.java:62)
	at AVLTree.delete(AVLTree.java:62)
	at AVLTree.delete(AVLTree.java:62)
	at AVLTree.delete(AVLTree.java:62)
	at AVLTree.delete(AVLTree.java:62)
	at AVLTree.delete(AVLTree.java:62)
	at AVLTree.delete(AVLTree.java:62)
	at AVLTree.delete(AVLTree.java:62)
	at AVLTree.delete(AVLTree.java:62)
	at AVLTree.delete(AVLTree.java:62)
	at AVLTree.delete(AVLTree.java:62)
	at AVLTree.delete(AVLTree.java:62)
	at AVLTree.delete(AVLTree.java:62)
	at AVLTree.delete(AVLTree.java:62)
	at AVLTree.delete(AVLTree.java:62)
	at AVLTree.delete(AVLTree.java:62)
	at AVLTree.delete(AVLTree.java:62)
	at AVLTree.delete(AVLTree.java:62)
	at AVLTree.delete(AVLTree.java:62)
	at AVLTree.delete(AVLTree.java:62)
	at AVLTree.delete(AVLTree.java:62)
	at AVLTree.delete(AVLTree.java:62)
	at AVLTree.delete(AVLTree.java:62)
	at AVLTree.delete(AVLTree.java:62)
	at AVLTree.delete(AVLTree.java:62)
	at AVLTree.delete(AVLTree.java:62)
	at AVLTree.delete(AVLTree.java:62)
	at AVLTree.delete(AVLTree.java:62)
	at AVLTree.delete(AVLTree.java:62)
	at AVLTree.delete(AVLTree.java:62)
	at AVLTree.delete(AVLTree.java:62)
	at AVLTree.delete(AVLTree.java:62)
	at AVLTree.delete(AVLTree.java:62)
	at AVLTree.delete(AVLTree.java:62)
	at AVLTree.delete(AVLTree.java:62)
	at AVLTree.delete(AVLTree.java:62)
	at AVLTree.delete(AVLTree.java:62)
	at AVLTree.delete(AVLTree.java:62)
	at AVLTree.delete(AVLTree.java:62)
	at AVLTree.delete(AVLTree.java:62)
	at AVLTree.delete(AVLTree.java:62)
	at AVLTree.delete(AVLTree.java:62)
	at AVLTree.delete(AVLTree.java:62)
	at AVLTree.delete(AVLTree.java:62)
	at AVLTree.delete(AVLTree.java:62)
	at AVLTree.delete(AVLTree.java:62)
	at AVLTree.delete(AVLTree.java:62)
	at AVLTree.delete(AVLTree.java:62)
	at AVLTree.delete(AVLTree.java:62)
	at AVLTree.delete(AVLTree.java:62)
	at AVLTree.delete(AVLTree.java:62)
	at AVLTree.delete(AVLTree.java:62)

test003(MyTest)  Time elapsed: 0.001 sec  <<< ERROR!
java.lang.StackOverflowError
	at AVLTree.delete(AVLTree.java:62)
	at AVLTree.delete(AVLTree.java:62)
	at AVLTree.delete(AVLTree.java:62)
	at AVLTree.delete(AVLTree.java:62)
	at AVLTree.delete(AVLTree.java:62)
	at AVLTree.delete(AVLTree.java:62)
	at AVLTree.delete(AVLTree.java:62)
	at AVLTree.delete(AVLTree.java:62)
	at AVLTree.delete(AVLTree.java:62)
	at AVLTree.delete(AVLTree.java:62)
	at AVLTree.delete(AVLTree.java:62)
	at AVLTree.delete(AVLTree.java:62)
	at AVLTree.delete(AVLTree.java:62)
	at AVLTree.delete(AVLTree.java:62)
	at AVLTree.delete(AVLTree.java:62)
	at AVLTree.delete(AVLTree.java:62)
	at AVLTree.delete(AVLTree.java:62)
	at AVLTree.delete(AVLTree.java:62)
	at AVLTree.delete(AVLTree.java:62)
	at AVLTree.delete(AVLTree.java:62)
	at AVLTree.delete(AVLTree.java:62)
	at AVLTree.delete(AVLTree.java:62)
	at AVLTree.delete(AVLTree.java:62)
	at AVLTree.delete(AVLTree.java:62)
	at AVLTree.delete(AVLTree.java:62)
	at AVLTree.delete(AVLTree.java:62)
	at AVLTree.delete(AVLTree.java:62)
	at AVLTree.delete(AVLTree.java:62)
	at AVLTree.delete(AVLTree.java:62)
	at AVLTree.delete(AVLTree.java:62)
	at AVLTree.delete(AVLTree.java:62)
	at AVLTree.delete(AVLTree.java:62)
	at AVLTree.delete(AVLTree.java:62)
	at AVLTree.delete(AVLTree.java:62)
	at AVLTree.delete(AVLTree.java:62)
	at AVLTree.delete(AVLTree.java:62)
	at AVLTree.delete(AVLTree.java:62)
	at AVLTree.delete(AVLTree.java:62)
	at AVLTree.delete(AVLTree.java:62)
	at AVLTree.delete(AVLTree.java:62)
	at AVLTree.delete(AVLTree.java:62)
	at AVLTree.delete(AVLTree.java:62)
	at AVLTree.delete(AVLTree.java:62)
	at AVLTree.delete(AVLTree.java:62)
	at AVLTree.delete(AVLTree.java:62)
	at AVLTree.delete(AVLTree.java:62)
	at AVLTree.delete(AVLTree.java:62)
	at AVLTree.delete(AVLTree.java:62)
	at AVLTree.delete(AVLTree.java:62)
	at AVLTree.delete(AVLTree.java:62)
	at AVLTree.delete(AVLTree.java:62)
	at AVLTree.delete(AVLTree.java:62)
	at AVLTree.delete(AVLTree.java:62)
	at AVLTree.delete(AVLTree.java:62)
	at AVLTree.delete(AVLTree.java:62)
	at AVLTree.delete(AVLTree.java:62)
	at AVLTree.delete(AVLTree.java:62)
	at AVLTree.delete(AVLTree.java:62)
	at AVLTree.delete(AVLTree.java:62)
	at AVLTree.delete(AVLTree.java:62)
	at AVLTree.delete(AVLTree.java:62)
	at AVLTree.delete(AVLTree.java:62)
	at AVLTree.delete(AVLTree.java:62)
	at AVLTree.delete(AVLTree.java:62)
	at AVLTree.delete(AVLTree.java:62)
	at AVLTree.delete(AVLTree.java:62)
	at AVLTree.delete(AVLTree.java:62)
	at AVLTree.delete(AVLTree.java:62)
	at AVLTree.delete(AVLTree.java:62)
	at AVLTree.delete(AVLTree.java:62)
	at AVLTree.delete(AVLTree.java:62)
	at AVLTree.delete(AVLTree.java:62)
	at AVLTree.delete(AVLTree.java:62)
	at AVLTree.delete(AVLTree.java:62)
	at AVLTree.delete(AVLTree.java:62)
	at AVLTree.delete(AVLTree.java:62)
	at AVLTree.delete(AVLTree.java:62)
	at AVLTree.delete(AVLTree.java:62)
	at AVLTree.delete(AVLTree.java:62)
	at AVLTree.delete(AVLTree.java:62)
	at AVLTree.delete(AVLTree.java:62)
	at AVLTree.delete(AVLTree.java:62)
	at AVLTree.delete(AVLTree.java:62)
	at AVLTree.delete(AVLTree.java:62)
	at AVLTree.delete(AVLTree.java:62)
	at AVLTree.delete(AVLTree.java:62)
	at AVLTree.delete(AVLTree.java:62)
	at AVLTree.delete(AVLTree.java:62)
	at AVLTree.delete(AVLTree.java:62)
	at AVLTree.delete(AVLTree.java:62)
	at AVLTree.delete(AVLTree.java:62)
	at AVLTree.delete(AVLTree.java:62)
	at AVLTree.delete(AVLTree.java:62)
	at AVLTree.delete(AVLTree.java:62)
	at AVLTree.delete(AVLTree.java:62)
	at AVLTree.delete(AVLTree.java:62)
	at AVLTree.delete(AVLTree.java:62)
	at AVLTree.delete(AVLTree.java:62)
	at AVLTree.delete(AVLTree.java:62)
	at AVLTree.delete(AVLTree.java:62)
	at AVLTree.delete(AVLTree.java:62)
	at AVLTree.delete(AVLTree.java:62)
	at AVLTree.delete(AVLTree.java:62)
	at AVLTree.delete(AVLTree.java:62)
	at AVLTree.delete(AVLTree.java:62)
	at AVLTree.delete(AVLTree.java:62)
	at AVLTree.delete(AVLTree.java:62)
	at AVLTree.delete(AVLTree.java:62)
	at AVLTree.delete(AVLTree.java:62)
	at AVLTree.delete(AVLTree.java:62)
	at AVLTree.delete(AVLTree.java:62)
	at AVLTree.delete(AVLTree.java:62)
	at AVLTree.delete(AVLTree.java:62)
	at AVLTree.delete(AVLTree.java:62)
	at AVLTree.delete(AVLTree.java:62)
	at AVLTree.delete(AVLTree.java:62)
	at AVLTree.delete(AVLTree.java:62)
	at AVLTree.delete(AVLTree.java:62)
	at AVLTree.delete(AVLTree.java:62)
	at AVLTree.delete(AVLTree.java:62)
	at AVLTree.delete(AVLTree.java:62)
	at AVLTree.delete(AVLTree.java:62)
	at AVLTree.delete(AVLTree.java:62)
	at AVLTree.delete(AVLTree.java:62)
	at AVLTree.delete(AVLTree.java:62)
	at AVLTree.delete(AVLTree.java:62)
	at AVLTree.delete(AVLTree.java:62)
	at AVLTree.delete(AVLTree.java:62)
	at AVLTree.delete(AVLTree.java:62)
	at AVLTree.delete(AVLTree.java:62)
	at AVLTree.delete(AVLTree.java:62)
	at AVLTree.delete(AVLTree.java:62)
	at AVLTree.delete(AVLTree.java:62)
	at AVLTree.delete(AVLTree.java:62)
	at AVLTree.delete(AVLTree.java:62)
	at AVLTree.delete(AVLTree.java:62)
	at AVLTree.delete(AVLTree.java:62)
	at AVLTree.delete(AVLTree.java:62)
	at AVLTree.delete(AVLTree.java:62)
	at AVLTree.delete(AVLTree.java:62)
	at AVLTree.delete(AVLTree.java:62)
	at AVLTree.delete(AVLTree.java:62)
	at AVLTree.delete(AVLTree.java:62)
	at AVLTree.delete(AVLTree.java:62)
	at AVLTree.delete(AVLTree.java:62)
	at AVLTree.delete(AVLTree.java:62)
	at AVLTree.delete(AVLTree.java:62)
	at AVLTree.delete(AVLTree.java:62)
	at AVLTree.delete(AVLTree.java:62)
	at AVLTree.delete(AVLTree.java:62)
	at AVLTree.delete(AVLTree.java:62)
	at AVLTree.delete(AVLTree.java:62)
	at AVLTree.delete(AVLTree.java:62)
	at AVLTree.delete(AVLTree.java:62)
	at AVLTree.delete(AVLTree.java:62)
	at AVLTree.delete(AVLTree.java:62)
	at AVLTree.delete(AVLTree.java:62)
	at AVLTree.delete(AVLTree.java:62)
	at AVLTree.delete(AVLTree.java:62)
	at AVLTree.delete(AVLTree.java:62)
[...]
	at AVLTree.delete(AVLTree.java:62)
	at AVLTree.delete(AVLTree.java:62)
	at AVLTree.delete(AVLTree.java:62)
	at AVLTree.delete(AVLTree.java:62)
	at AVLTree.delete(AVLTree.java:62)
	at AVLTree.delete(AVLTree.java:62)
	at AVLTree.delete(AVLTree.java:62)
	at AVLTree.delete(AVLTree.java:62)
	at AVLTree.delete(AVLTree.java:62)
	at AVLTree.delete(AVLTree.java:62)
	at AVLTree.delete(AVLTree.java:62)
	at AVLTree.delete(AVLTree.java:62)
	at AVLTree.delete(AVLTree.java:62)
	at AVLTree.delete(AVLTree.java:62)
	at AVLTree.delete(AVLTree.java:62)
	at AVLTree.delete(AVLTree.java:62)
	at AVLTree.delete(AVLTree.java:62)
	at AVLTree.delete(AVLTree.java:62)
	at AVLTree.delete(AVLTree.java:62)
	at AVLTree.delete(AVLTree.java:62)
	at AVLTree.delete(AVLTree.java:62)
	at AVLTree.delete(AVLTree.java:62)
	at AVLTree.delete(AVLTree.java:62)
	at AVLTree.delete(AVLTree.java:62)
	at AVLTree.delete(AVLTree.java:62)
	at AVLTree.delete(AVLTree.java:62)
	at AVLTree.delete(AVLTree.java:62)
	at AVLTree.delete(AVLTree.java:62)
	at AVLTree.delete(AVLTree.java:62)
	at AVLTree.delete(AVLTree.java:62)
	at AVLTree.delete(AVLTree.java:62)
	at AVLTree.delete(AVLTree.java:62)
	at AVLTree.delete(AVLTree.java:62)
	at AVLTree.delete(AVLTree.java:62)
	at AVLTree.delete(AVLTree.java:62)
	at AVLTree.delete(AVLTree.java:62)
	at AVLTree.delete(AVLTree.java:62)
	at AVLTree.delete(AVLTree.java:62)
	at AVLTree.delete(AVLTree.java:62)
	at AVLTree.delete(AVLTree.java:62)
	at AVLTree.delete(AVLTree.java:62)
	at AVLTree.delete(AVLTree.java:62)
	at AVLTree.delete(AVLTree.java:62)
	at AVLTree.delete(AVLTree.java:62)
	at AVLTree.delete(AVLTree.java:62)
	at AVLTree.delete(AVLTree.java:62)
	at AVLTree.delete(AVLTree.java:62)
	at AVLTree.delete(AVLTree.java:62)
	at AVLTree.delete(AVLTree.java:62)
	at AVLTree.delete(AVLTree.java:62)
	at AVLTree.delete(AVLTree.java:62)
	at AVLTree.delete(AVLTree.java:62)
	at AVLTree.delete(AVLTree.java:62)
	at AVLTree.delete(AVLTree.java:62)
	at AVLTree.delete(AVLTree.java:62)
	at AVLTree.delete(AVLTree.java:62)
	at AVLTree.delete(AVLTree.java:62)
	at AVLTree.delete(AVLTree.java:62)
	at AVLTree.delete(AVLTree.java:62)
	at AVLTree.delete(AVLTree.java:62)
	at AVLTree.delete(AVLTree.java:62)
	at AVLTree.delete(AVLTree.java:62)
	at AVLTree.delete(AVLTree.java:62)
	at AVLTree.delete(AVLTree.java:62)
	at AVLTree.delete(AVLTree.java:62)
	at AVLTree.delete(AVLTree.java:62)
	at AVLTree.delete(AVLTree.java:62)
	at AVLTree.delete(AVLTree.java:62)
	at AVLTree.delete(AVLTree.java:62)
	at AVLTree.delete(AVLTree.java:62)
	at AVLTree.delete(AVLTree.java:62)
	at AVLTree.delete(AVLTree.java:62)
	at AVLTree.delete(AVLTree.java:62)
	at AVLTree.delete(AVLTree.java:62)
	at AVLTree.delete(AVLTree.java:62)
	at AVLTree.delete(AVLTree.java:62)
	at AVLTree.delete(AVLTree.java:62)
	at AVLTree.delete(AVLTree.java:62)
	at AVLTree.delete(AVLTree.java:62)
	at AVLTree.delete(AVLTree.java:62)
	at AVLTree.delete(AVLTree.java:62)
	at AVLTree.delete(AVLTree.java:62)
	at AVLTree.delete(AVLTree.java:62)
	at AVLTree.delete(AVLTree.java:62)
	at AVLTree.delete(AVLTree.java:62)
	at AVLTree.delete(AVLTree.java:62)
	at AVLTree.delete(AVLTree.java:62)
	at AVLTree.delete(AVLTree.java:62)
	at AVLTree.delete(AVLTree.java:62)
	at AVLTree.delete(AVLTree.java:62)
	at AVLTree.delete(AVLTree.java:62)
	at AVLTree.delete(AVLTree.java:62)
	at AVLTree.delete(AVLTree.java:62)
	at AVLTree.delete(AVLTree.java:62)
	at AVLTree.delete(AVLTree.java:62)
	at AVLTree.delete(AVLTree.java:62)
	at AVLTree.delete(AVLTree.java:62)
	at AVLTree.delete(AVLTree.java:62)
	at AVLTree.delete(AVLTree.java:62)
	at AVLTree.delete(AVLTree.java:62)
	at AVLTree.delete(AVLTree.java:62)
	at AVLTree.delete(AVLTree.java:62)
	at AVLTree.delete(AVLTree.java:62)
	at AVLTree.delete(AVLTree.java:62)
	at AVLTree.delete(AVLTree.java:62)
	at AVLTree.delete(AVLTree.java:62)
	at AVLTree.delete(AVLTree.java:62)
	at AVLTree.delete(AVLTree.java:62)
	at AVLTree.delete(AVLTree.java:62)
	at AVLTree.delete(AVLTree.java:62)
	at AVLTree.delete(AVLTree.java:62)
	at AVLTree.delete(AVLTree.java:62)
	at AVLTree.delete(AVLTree.java:62)
	at AVLTree.delete(AVLTree.java:62)
	at AVLTree.delete(AVLTree.java:62)
	at AVLTree.delete(AVLTree.java:62)
	at AVLTree.delete(AVLTree.java:62)
	at AVLTree.delete(AVLTree.java:62)
	at AVLTree.delete(AVLTree.java:62)
	at AVLTree.delete(AVLTree.java:62)
	at AVLTree.delete(AVLTree.java:62)
	at AVLTree.delete(AVLTree.java:62)
	at AVLTree.delete(AVLTree.java:62)
	at AVLTree.delete(AVLTree.java:62)
	at AVLTree.delete(AVLTree.java:62)
	at AVLTree.delete(AVLTree.java:62)
	at AVLTree.delete(AVLTree.java:62)
	at AVLTree.delete(AVLTree.java:62)
	at AVLTree.delete(AVLTree.java:62)
	at AVLTree.delete(AVLTree.java:62)
	at AVLTree.delete(AVLTree.java:62)
	at AVLTree.delete(AVLTree.java:62)
	at AVLTree.delete(AVLTree.java:62)
	at AVLTree.delete(AVLTree.java:62)
	at AVLTree.delete(AVLTree.java:62)
	at AVLTree.delete(AVLTree.java:62)
	at AVLTree.delete(AVLTree.java:62)
	at AVLTree.delete(AVLTree.java:62)
	at AVLTree.delete(AVLTree.java:62)
	at AVLTree.delete(AVLTree.java:62)
	at AVLTree.delete(AVLTree.java:62)
	at AVLTree.delete(AVLTree.java:62)
	at AVLTree.delete(AVLTree.java:62)
	at AVLTree.delete(AVLTree.java:62)
	at AVLTree.delete(AVLTree.java:62)
	at AVLTree.delete(AVLTree.java:62)
	at AVLTree.delete(AVLTree.java:62)
	at AVLTree.delete(AVLTree.java:62)
	at AVLTree.delete(AVLTree.java:62)
	at AVLTree.delete(AVLTree.java:62)
	at AVLTree.delete(AVLTree.java:62)
	at AVLTree.delete(AVLTree.java:62)
	at AVLTree.delete(AVLTree.java:62)
	at AVLTree.delete(AVLTree.java:62)
	at AVLTree.delete(AVLTree.java:62)
	at AVLTree.delete(AVLTree.java:62)
	at AVLTree.delete(AVLTree.java:62)
	at AVLTree.delete(AVLTree.java:62)
	at AVLTree.delete(AVLTree.java:62)
	at AVLTree.delete(AVLTree.java:62)
	at AVLTree.delete(AVLTree.java:62)
	at AVLTree.delete(AVLTree.java:62)
	at AVLTree.delete(AVLTree.java:62)
	at AVLTree.delete(AVLTree.java:62)
	at AVLTree.delete(AVLTree.java:62)
	at AVLTree.delete(AVLTree.java:62)
	at AVLTree.delete(AVLTree.java:62)
	at AVLTree.delete(AVLTree.java:62)
	at AVLTree.delete(AVLTree.java:62)
	at AVLTree.delete(AVLTree.java:62)
	at AVLTree.delete(AVLTree.java:62)
	at AVLTree.delete(AVLTree.java:62)
	at AVLTree.delete(AVLTree.java:62)
	at AVLTree.delete(AVLTree.java:62)
	at AVLTree.delete(AVLTree.java:62)
	at AVLTree.delete(AVLTree.java:62)
	at AVLTree.delete(AVLTree.java:62)
	at AVLTree.delete(AVLTree.java:62)
	at AVLTree.delete(AVLTree.java:62)
	at AVLTree.delete(AVLTree.java:62)
	at AVLTree.delete(AVLTree.java:62)
	at AVLTree.delete(AVLTree.java:62)
	at AVLTree.delete(AVLTree.java:62)
	at AVLTree.delete(AVLTree.java:62)
	at AVLTree.delete(AVLTree.java:62)
	at AVLTree.delete(AVLTree.java:62)
	at AVLTree.delete(AVLTree.java:62)
	at AVLTree.delete(AVLTree.java:62)
	at AVLTree.delete(AVLTree.java:62)
	at AVLTree.delete(AVLTree.java:62)
	at AVLTree.delete(AVLTree.java:62)
	at AVLTree.delete(AVLTree.java:62)
	at AVLTree.delete(AVLTree.java:62)
	at AVLTree.delete(AVLTree.java:62)
	at AVLTree.delete(AVLTree.java:62)
	at AVLTree.delete(AVLTree.java:62)
	at AVLTree.delete(AVLTree.java:62)
	at AVLTree.delete(AVLTree.java:62)
	at AVLTree.delete(AVLTree.java:62)
	at AVLTree.delete(AVLTree.java:62)
	at AVLTree.delete(AVLTree.java:62)
	at AVLTree.delete(AVLTree.java:62)
	at AVLTree.delete(AVLTree.java:62)
	at AVLTree.delete(AVLTree.java:62)
	at AVLTree.delete(AVLTree.java:62)
	at AVLTree.delete(AVLTree.java:62)
	at AVLTree.delete(AVLTree.java:62)
	at AVLTree.delete(AVLTree.java:62)
	at AVLTree.delete(AVLTree.java:62)
	at AVLTree.delete(AVLTree.java:62)
	at AVLTree.delete(AVLTree.java:62)
	at AVLTree.delete(AVLTree.java:62)
	at AVLTree.delete(AVLTree.java:62)
	at AVLTree.delete(AVLTree.java:62)
	at AVLTree.delete(AVLTree.java:62)
	at AVLTree.delete(AVLTree.java:62)
	at AVLTree.delete(AVLTree.java:62)
	at AVLTree.delete(AVLTree.java:62)
	at AVLTree.delete(AVLTree.java:62)
	at AVLTree.delete(AVLTree.java:62)
	at AVLTree.delete(AVLTree.java:62)
	at AVLTree.delete(AVLTree.java:62)
	at AVLTree.delete(AVLTree.java:62)
	at AVLTree.delete(AVLTree.java:62)
	at AVLTree.delete(AVLTree.java:62)
	at AVLTree.delete(AVLTree.java:62)
	at AVLTree.delete(AVLTree.java:62)
	at AVLTree.delete(AVLTree.java:62)
	at AVLTree.delete(AVLTree.java:62)
	at AVLTree.delete(AVLTree.java:62)
	at AVLTree.delete(AVLTree.java:62)
	at AVLTree.delete(AVLTree.java:62)
	at AVLTree.delete(AVLTree.java:62)
	at AVLTree.delete(AVLTree.java:62)
	at AVLTree.delete(AVLTree.java:62)
	at AVLTree.delete(AVLTree.java:62)
	at AVLTree.delete(AVLTree.java:62)
	at AVLTree.delete(AVLTree.java:62)
	at AVLTree.delete(AVLTree.java:62)
	at AVLTree.delete(AVLTree.java:62)
	at AVLTree.delete(AVLTree.java:62)
	at AVLTree.delete(AVLTree.java:62)
	at AVLTree.delete(AVLTree.java:62)
	at AVLTree.delete(AVLTree.java:62)
	at AVLTree.delete(AVLTree.java:62)
	at AVLTree.delete(AVLTree.java:62)
	at AVLTree.delete(AVLTree.java:62)
	at AVLTree.delete(AVLTree.java:62)
	at AVLTree.delete(AVLTree.java:62)
	at AVLTree.delete(AVLTree.java:62)
	at AVLTree.delete(AVLTree.java:62)
	at AVLTree.delete(AVLTree.java:62)
	at AVLTree.delete(AVLTree.java:62)
	at AVLTree.delete(AVLTree.java:62)
	at AVLTree.delete(AVLTree.java:62)
	at AVLTree.delete(AVLTree.java:62)
	at AVLTree.delete(AVLTree.java:62)
	at AVLTree.delete(AVLTree.java:62)
	at AVLTree.delete(AVLTree.java:62)
	at AVLTree.delete(AVLTree.java:62)
	at AVLTree.delete(AVLTree.java:62)
	at AVLTree.delete(AVLTree.java:62)
	at AVLTree.delete(AVLTree.java:62)
	at AVLTree.delete(AVLTree.java:62)
	at AVLTree.delete(AVLTree.java:62)
	at AVLTree.delete(AVLTree.java:62)
	at AVLTree.delete(AVLTree.java:62)
	at AVLTree.delete(AVLTree.java:62)
	at AVLTree.delete(AVLTree.java:62)
	at AVLTree.delete(AVLTree.java:62)
	at AVLTree.delete(AVLTree.java:62)
	at AVLTree.delete(AVLTree.java:62)
	at AVLTree.delete(AVLTree.java:62)
	at AVLTree.delete(AVLTree.java:62)
	at AVLTree.delete(AVLTree.java:62)
	at AVLTree.delete(AVLTree.java:62)
	at AVLTree.delete(AVLTree.java:62)
	at AVLTree.delete(AVLTree.java:62)
	at AVLTree.delete(AVLTree.java:62)
	at AVLTree.delete(AVLTree.java:62)
	at AVLTree.delete(AVLTree.java:62)
	at AVLTree.delete(AVLTree.java:62)
	at AVLTree.delete(AVLTree.java:62)
	at AVLTree.delete(AVLTree.java:62)
	at AVLTree.delete(AVLTree.java:62)
	at AVLTree.delete(AVLTree.java:62)
	at AVLTree.delete(AVLTree.java:62)
	at AVLTree.delete(AVLTree.java:62)
	at AVLTree.delete(AVLTree.java:62)
	at AVLTree.delete(AVLTree.java:62)
	at AVLTree.delete(AVLTree.java:62)
	at AVLTree.delete(AVLTree.java:62)
	at AVLTree.delete(AVLTree.java:62)
	at AVLTree.delete(AVLTree.java:62)
	at AVLTree.delete(AVLTree.java:62)
	at AVLTree.delete(AVLTree.java:62)
	at AVLTree.delete(AVLTree.java:62)
	at AVLTree.delete(AVLTree.java:62)
	at AVLTree.delete(AVLTree.java:62)
	at AVLTree.delete(AVLTree.java:62)
	at AVLTree.delete(AVLTree.java:62)
	at AVLTree.delete(AVLTree.java:62)
	at AVLTree.delete(AVLTree.java:62)
	at AVLTree.delete(AVLTree.java:62)
	at AVLTree.delete(AVLTree.java:62)
	at AVLTree.delete(AVLTree.java:62)
	at AVLTree.delete(AVLTree.java:62)
	at AVLTree.delete(AVLTree.java:62)
	at AVLTree.delete(AVLTree.java:62)
	at AVLTree.delete(AVLTree.java:62)
	at AVLTree.delete(AVLTree.java:62)
	at AVLTree.delete(AVLTree.java:62)
	at AVLTree.delete(AVLTree.java:62)
	at AVLTree.delete(AVLTree.java:62)
	at AVLTree.delete(AVLTree.java:62)
	at AVLTree.delete(AVLTree.java:62)
	at AVLTree.delete(AVLTree.java:62)
	at AVLTree.delete(AVLTree.java:62)
	at AVLTree.delete(AVLTree.java:62)
	at AVLTree.delete(AVLTree.java:62)
	at AVLTree.delete(AVLTree.java:62)
	at AVLTree.delete(AVLTree.java:62)
	at AVLTree.delete(AVLTree.java:62)
	at AVLTree.delete(AVLTree.java:62)
	at AVLTree.delete(AVLTree.java:62)
	at AVLTree.delete(AVLTree.java:62)
	at AVLTree.delete(AVLTree.java:62)
	at AVLTree.delete(AVLTree.java:62)
	at AVLTree.delete(AVLTree.java:62)
	at AVLTree.delete(AVLTree.java:62)
	at AVLTree.delete(AVLTree.java:62)
	at AVLTree.delete(AVLTree.java:62)
	at AVLTree.delete(AVLTree.java:62)
	at AVLTree.delete(AVLTree.java:62)
	at AVLTree.delete(AVLTree.java:62)
	at AVLTree.delete(AVLTree.java:62)
	at AVLTree.delete(AVLTree.java:62)
	at AVLTree.delete(AVLTree.java:62)
	at AVLTree.delete(AVLTree.java:62)
	at AVLTree.delete(AVLTree.java:62)
	at AVLTree.delete(AVLTree.java:62)
	at AVLTree.delete(AVLTree.java:62)
	at AVLTree.delete(AVLTree.java:62)
	at AVLTree.delete(AVLTree.java:62)
	at AVLTree.delete(AVLTree.java:62)
	at AVLTree.delete(AVLTree.java:62)
	at AVLTree.delete(AVLTree.java:62)
	at AVLTree.delete(AVLTree.java:62)
	at AVLTree.delete(AVLTree.java:62)
	at AVLTree.delete(AVLTree.java:62)
	at AVLTree.delete(AVLTree.java:62)
	at AVLTree.delete(AVLTree.java:62)
	at AVLTree.delete(AVLTree.java:62)
	at AVLTree.delete(AVLTree.java:62)
	at AVLTree.delete(AVLTree.java:62)
	at AVLTree.delete(AVLTree.java:62)
	at AVLTree.delete(AVLTree.java:62)
	at AVLTree.delete(AVLTree.java:62)
	at AVLTree.delete(AVLTree.java:62)
	at AVLTree.delete(AVLTree.java:62)
	at AVLTree.delete(AVLTree.java:62)
	at AVLTree.delete(AVLTree.java:62)
	at AVLTree.delete(AVLTree.java:62)
	at AVLTree.delete(AVLTree.java:62)
	at AVLTree.delete(AVLTree.java:62)
	at AVLTree.delete(AVLTree.java:62)
	at AVLTree.delete(AVLTree.java:62)
	at AVLTree.delete(AVLTree.java:62)
	at AVLTree.delete(AVLTree.java:62)
	at AVLTree.delete(AVLTree.java:62)
	at AVLTree.delete(AVLTree.java:62)
	at AVLTree.delete(AVLTree.java:62)
	at AVLTree.delete(AVLTree.java:62)
	at AVLTree.delete(AVLTree.java:62)
	at AVLTree.delete(AVLTree.java:62)
	at AVLTree.delete(AVLTree.java:62)
	at AVLTree.delete(AVLTree.java:62)
	at AVLTree.delete(AVLTree.java:62)
	at AVLTree.delete(AVLTree.java:62)
	at AVLTree.delete(AVLTree.java:62)
	at AVLTree.delete(AVLTree.java:62)
	at AVLTree.delete(AVLTree.java:62)
	at AVLTree.delete(AVLTree.java:62)
	at AVLTree.delete(AVLTree.java:62)
	at AVLTree.delete(AVLTree.java:62)
	at AVLTree.delete(AVLTree.java:62)
	at AVLTree.delete(AVLTree.java:62)
	at AVLTree.delete(AVLTree.java:62)
	at AVLTree.delete(AVLTree.java:62)
	at AVLTree.delete(AVLTree.java:62)
	at AVLTree.delete(AVLTree.java:62)
	at AVLTree.delete(AVLTree.java:62)
	at AVLTree.delete(AVLTree.java:62)
	at AVLTree.delete(AVLTree.java:62)
	at AVLTree.delete(AVLTree.java:62)
	at AVLTree.delete(AVLTree.java:62)
	at AVLTree.delete(AVLTree.java:62)
	at AVLTree.delete(AVLTree.java:62)
	at AVLTree.delete(AVLTree.java:62)
	at AVLTree.delete(AVLTree.java:62)
	at AVLTree.delete(AVLTree.java:62)
	at AVLTree.delete(AVLTree.java:62)
	at AVLTree.delete(AVLTree.java:62)
	at AVLTree.delete(AVLTree.java:62)
	at AVLTree.delete(AVLTree.java:62)
	at AVLTree.delete(AVLTree.java:62)
	at AVLTree.delete(AVLTree.java:62)
	at AVLTree.delete(AVLTree.java:62)
	at AVLTree.delete(AVLTree.java:62)
	at AVLTree.delete(AVLTree.java:62)
	at AVLTree.delete(AVLTree.java:62)
	at AVLTree.delete(AVLTree.java:62)
	at AVLTree.delete(AVLTree.java:62)
	at AVLTree.delete(AVLTree.java:62)
	at AVLTree.delete(AVLTree.java:62)
	at AVLTree.delete(AVLTree.java:62)
	at AVLTree.delete(AVLTree.java:62)
	at AVLTree.delete(AVLTree.java:62)
	at AVLTree.delete(AVLTree.java:62)
	at AVLTree.delete(AVLTree.java:62)
	at AVLTree.delete(AVLTree.java:62)
	at AVLTree.delete(AVLTree.java:62)
	at AVLTree.delete(AVLTree.java:62)
	at AVLTree.delete(AVLTree.java:62)
	at AVLTree.delete(AVLTree.java:62)
	at AVLTree.delete(AVLTree.java:62)
	at AVLTree.delete(AVLTree.java:62)
	at AVLTree.delete(AVLTree.java:62)
	at AVLTree.delete(AVLTree.java:62)
	at AVLTree.delete(AVLTree.java:62)
	at AVLTree.delete(AVLTree.java:62)
	at AVLTree.delete(AVLTree.java:62)
	at AVLTree.delete(AVLTree.java:62)
	at AVLTree.delete(AVLTree.java:62)
	at AVLTree.delete(AVLTree.java:62)
	at AVLTree.delete(AVLTree.java:62)
	at AVLTree.delete(AVLTree.java:62)
	at AVLTree.delete(AVLTree.java:62)
	at AVLTree.delete(AVLTree.java:62)
	at AVLTree.delete(AVLTree.java:62)
	at AVLTree.delete(AVLTree.java:62)
	at AVLTree.delete(AVLTree.java:62)
	at AVLTree.delete(AVLTree.java:62)
	at AVLTree.delete(AVLTree.java:62)
	at AVLTree.delete(AVLTree.java:62)
	at AVLTree.delete(AVLTree.java:62)
	at AVLTree.delete(AVLTree.java:62)
	at AVLTree.delete(AVLTree.java:62)
	at AVLTree.delete(AVLTree.java:62)
	at AVLTree.delete(AVLTree.java:62)
	at AVLTree.delete(AVLTree.java:62)
	at AVLTree.delete(AVLTree.java:62)
	at AVLTree.delete(AVLTree.java:62)
	at AVLTree.delete(AVLTree.java:62)
	at AVLTree.delete(AVLTree.java:62)
	at AVLTree.delete(AVLTree.java:62)
	at AVLTree.delete(AVLTree.java:62)
	at AVLTree.delete(AVLTree.java:62)
	at AVLTree.delete(AVLTree.java:62)
	at AVLTree.delete(AVLTree.java:62)
	at AVLTree.delete(AVLTree.java:62)
	at AVLTree.delete(AVLTree.java:62)
	at AVLTree.delete(AVLTree.java:62)
	at AVLTree.delete(AVLTree.java:62)
	at AVLTree.delete(AVLTree.java:62)
	at AVLTree.delete(AVLTree.java:62)
	at AVLTree.delete(AVLTree.java:62)
	at AVLTree.delete(AVLTree.java:62)
	at AVLTree.delete(AVLTree.java:62)
	at AVLTree.delete(AVLTree.java:62)
	at AVLTree.delete(AVLTree.java:62)
	at AVLTree.delete(AVLTree.java:62)
	at AVLTree.delete(AVLTree.java:62)
	at AVLTree.delete(AVLTree.java:62)
	at AVLTree.delete(AVLTree.java:62)
	at AVLTree.delete(AVLTree.java:62)
	at AVLTree.delete(AVLTree.java:62)
	at AVLTree.delete(AVLTree.java:62)
	at AVLTree.delete(AVLTree.java:62)
	at AVLTree.delete(AVLTree.java:62)
	at AVLTree.delete(AVLTree.java:62)
	at AVLTree.delete(AVLTree.java:62)
	at AVLTree.delete(AVLTree.java:62)
	at AVLTree.delete(AVLTree.java:62)
	at AVLTree.delete(AVLTree.java:62)
	at AVLTree.delete(AVLTree.java:62)
	at AVLTree.delete(AVLTree.java:62)
	at AVLTree.delete(AVLTree.java:62)
	at AVLTree.delete(AVLTree.java:62)
	at AVLTree.delete(AVLTree.java:62)
	at AVLTree.delete(AVLTree.java:62)
	at AVLTree.delete(AVLTree.java:62)
	at AVLTree.delete(AVLTree.java:62)
	at AVLTree.delete(AVLTree.java:62)
	at AVLTree.delete(AVLTree.java:62)
	at AVLTree.delete(AVLTree.java:62)
	at AVLTree.delete(AVLTree.java:62)
	at AVLTree.delete(AVLTree.java:62)
	at AVLTree.delete(AVLTree.java:62)
	at AVLTree.delete(AVLTree.java:62)
	at AVLTree.delete(AVLTree.java:62)
	at AVLTree.delete(AVLTree.java:62)
	at AVLTree.delete(AVLTree.java:62)
	at AVLTree.delete(AVLTree.java:62)
	at AVLTree.delete(AVLTree.java:62)
	at AVLTree.delete(AVLTree.java:62)
	at AVLTree.delete(AVLTree.java:62)
	at AVLTree.delete(AVLTree.java:62)
	at AVLTree.delete(AVLTree.java:62)
	at AVLTree.delete(AVLTree.java:62)
	at AVLTree.delete(AVLTree.java:62)
	at AVLTree.delete(AVLTree.java:62)
	at AVLTree.delete(AVLTree.java:62)
	at AVLTree.delete(AVLTree.java:62)
	at AVLTree.delete(AVLTree.java:62)
	at AVLTree.delete(AVLTree.java:62)
	at AVLTree.delete(AVLTree.java:62)
	at AVLTree.delete(AVLTree.java:62)
	at AVLTree.delete(AVLTree.java:62)
	at AVLTree.delete(AVLTree.java:62)
	at AVLTree.delete(AVLTree.java:62)
	at AVLTree.delete(AVLTree.java:62)
	at AVLTree.delete(AVLTree.java:62)
	at AVLTree.delete(AVLTree.java:62)
	at AVLTree.delete(AVLTree.java:62)
	at AVLTree.delete(AVLTree.java:62)
	at AVLTree.delete(AVLTree.java:62)
	at AVLTree.delete(AVLTree.java:62)
	at AVLTree.delete(AVLTree.java:62)
	at AVLTree.delete(AVLTree.java:62)
	at AVLTree.delete(AVLTree.java:62)
	at AVLTree.delete(AVLTree.java:62)
	at AVLTree.delete(AVLTree.java:62)
	at AVLTree.delete(AVLTree.java:62)
	at AVLTree.delete(AVLTree.java:62)
	at AVLTree.delete(AVLTree.java:62)
	at AVLTree.delete(AVLTree.java:62)
	at AVLTree.delete(AVLTree.java:62)
	at AVLTree.delete(AVLTree.java:62)
	at AVLTree.delete(AVLTree.java:62)
	at AVLTree.delete(AVLTree.java:62)
	at AVLTree.delete(AVLTree.java:62)
	at AVLTree.delete(AVLTree.java:62)
	at AVLTree.delete(AVLTree.java:62)
	at AVLTree.delete(AVLTree.java:62)
	at AVLTree.delete(AVLTree.java:62)
	at AVLTree.delete(AVLTree.java:62)
	at AVLTree.delete(AVLTree.java:62)
	at AVLTree.delete(AVLTree.java:62)
	at AVLTree.delete(AVLTree.java:62)
	at AVLTree.delete(AVLTree.java:62)
	at AVLTree.delete(AVLTree.java:62)
	at AVLTree.delete(AVLTree.java:62)
	at AVLTree.delete(AVLTree.java:62)
	at AVLTree.delete(AVLTree.java:62)

